W0323 06:30:00.107000 551679 torch/distributed/run.py:766] 
W0323 06:30:00.107000 551679 torch/distributed/run.py:766] *****************************************
W0323 06:30:00.107000 551679 torch/distributed/run.py:766] Setting OMP_NUM_THREADS environment variable for each process to be 1 in default, to avoid your system being overloaded, please further tune the variable for optimal performance in your application as needed. 
W0323 06:30:00.107000 551679 torch/distributed/run.py:766] *****************************************
logs/proteus_v7h_1337.txt
val_bpb:enabled tokenizer_kind=sentencepiece tokenizer_path=/tmp/pgolf-repo/data/tokenizers/fineweb_1024_bpe.model
train_loader:dataset:fineweb10B_sp1024 train_shards:80 val_tokens:62021632
model_params:26829913 world_size:8 grad_accum_steps:1
attention_mode:gqa num_heads:8 num_kv_heads:4
tie_embeddings:True embed_lr:0.03 head_lr:0.0 matrix_lr:0.02 scalar_lr:0.02
train_batch_tokens:786432 train_seq_len:1024 iterations:20000 warmup_steps:20 max_wallclock_seconds:600.000
seed:1337 ema_enabled:True ema_decay:0.999 ema_every:10
ttt_lora_rank:8 ttt_lora_lr:0.01 ttt_chunk_size:256
warmup_step:1/20
warmup_step:2/20
warmup_step:3/20
warmup_step:4/20
warmup_step:5/20
warmup_step:6/20
warmup_step:7/20
warmup_step:8/20
warmup_step:9/20
warmup_step:10/20
warmup_step:11/20
warmup_step:12/20
warmup_step:13/20
warmup_step:14/20
warmup_step:15/20
warmup_step:16/20
warmup_step:17/20
warmup_step:18/20
warmup_step:19/20
warmup_step:20/20
step:1/20000 train_loss:6.932616 lr_scale:1.0000 muon_mom:0.9200 train_time:180ms step_avg:180.36ms this_step:180.4ms mem:20968MiB swa_n:0
step:2/20000 train_loss:8.074195 lr_scale:1.0000 muon_mom:0.9200 train_time:251ms step_avg:125.37ms this_step:70.4ms mem:20968MiB swa_n:0
step:3/20000 train_loss:7.521112 lr_scale:1.0000 muon_mom:0.9201 train_time:334ms step_avg:111.40ms this_step:83.5ms mem:20968MiB swa_n:0
step:4/20000 train_loss:7.020839 lr_scale:1.0000 muon_mom:0.9201 train_time:418ms step_avg:104.41ms this_step:83.4ms mem:20968MiB swa_n:0
step:5/20000 train_loss:6.854639 lr_scale:1.0000 muon_mom:0.9202 train_time:501ms step_avg:100.29ms this_step:83.8ms mem:20968MiB swa_n:0
step:6/20000 train_loss:6.843666 lr_scale:1.0000 muon_mom:0.9202 train_time:587ms step_avg:97.82ms this_step:85.5ms mem:20968MiB swa_n:0
step:7/20000 train_loss:6.744876 lr_scale:1.0000 muon_mom:0.9203 train_time:669ms step_avg:95.60ms this_step:82.3ms mem:20968MiB swa_n:0
step:8/20000 train_loss:6.637081 lr_scale:1.0000 muon_mom:0.9203 train_time:752ms step_avg:94.02ms this_step:83.0ms mem:20968MiB swa_n:0
step:9/20000 train_loss:6.336635 lr_scale:1.0000 muon_mom:0.9204 train_time:836ms step_avg:92.86ms this_step:83.6ms mem:20968MiB swa_n:0
step:10/20000 train_loss:6.083867 lr_scale:1.0000 muon_mom:0.9204 train_time:920ms step_avg:91.96ms this_step:83.8ms mem:20968MiB swa_n:0
step:50/20000 train_loss:3.989641 lr_scale:1.0000 muon_mom:0.9223 train_time:4303ms step_avg:86.05ms this_step:3383.2ms mem:20968MiB swa_n:0
step:100/20000 train_loss:3.234832 lr_scale:1.0000 muon_mom:0.9246 train_time:8547ms step_avg:85.47ms this_step:4244.6ms mem:20968MiB swa_n:0
step:150/20000 train_loss:2.941784 lr_scale:1.0000 muon_mom:0.9270 train_time:12861ms step_avg:85.74ms this_step:4313.6ms mem:20968MiB swa_n:0
step:200/20000 train_loss:2.464838 lr_scale:1.0000 muon_mom:0.9293 train_time:17119ms step_avg:85.60ms this_step:4258.5ms mem:20968MiB swa_n:0
step:250/20000 train_loss:2.551290 lr_scale:1.0000 muon_mom:0.9316 train_time:21377ms step_avg:85.51ms this_step:4257.9ms mem:20968MiB swa_n:0
step:300/20000 train_loss:2.621877 lr_scale:1.0000 muon_mom:0.9340 train_time:25699ms step_avg:85.66ms this_step:4321.8ms mem:20968MiB swa_n:0
step:350/20000 train_loss:2.597182 lr_scale:1.0000 muon_mom:0.9363 train_time:29969ms step_avg:85.62ms this_step:4269.5ms mem:20968MiB swa_n:0
step:400/20000 train_loss:2.480799 lr_scale:1.0000 muon_mom:0.9386 train_time:34301ms step_avg:85.75ms this_step:4332.2ms mem:20968MiB swa_n:0
step:450/20000 train_loss:2.433762 lr_scale:1.0000 muon_mom:0.9410 train_time:38570ms step_avg:85.71ms this_step:4268.9ms mem:20968MiB swa_n:0
step:500/20000 train_loss:2.453773 lr_scale:1.0000 muon_mom:0.9433 train_time:42840ms step_avg:85.68ms this_step:4269.9ms mem:20968MiB swa_n:0
step:550/20000 train_loss:2.395854 lr_scale:1.0000 muon_mom:0.9456 train_time:47174ms step_avg:85.77ms this_step:4334.5ms mem:20968MiB swa_n:0
step:600/20000 train_loss:2.385653 lr_scale:1.0000 muon_mom:0.9480 train_time:51445ms step_avg:85.74ms this_step:4271.2ms mem:20968MiB swa_n:0
step:650/20000 train_loss:2.385134 lr_scale:1.0000 muon_mom:0.9503 train_time:55777ms step_avg:85.81ms this_step:4331.8ms mem:20968MiB swa_n:0
step:700/20000 train_loss:2.398062 lr_scale:1.0000 muon_mom:0.9526 train_time:60046ms step_avg:85.78ms this_step:4269.1ms mem:20968MiB swa_n:0
step:750/20000 train_loss:2.372797 lr_scale:1.0000 muon_mom:0.9550 train_time:64312ms step_avg:85.75ms this_step:4265.5ms mem:20968MiB swa_n:0
step:800/20000 train_loss:2.286448 lr_scale:1.0000 muon_mom:0.9573 train_time:68648ms step_avg:85.81ms this_step:4336.1ms mem:20968MiB swa_n:0
step:850/20000 train_loss:2.282370 lr_scale:1.0000 muon_mom:0.9596 train_time:72916ms step_avg:85.78ms this_step:4267.8ms mem:20968MiB swa_n:0
step:900/20000 train_loss:2.173862 lr_scale:1.0000 muon_mom:0.9620 train_time:77247ms step_avg:85.83ms this_step:4331.2ms mem:20968MiB swa_n:0
step:950/20000 train_loss:2.259477 lr_scale:1.0000 muon_mom:0.9643 train_time:81519ms step_avg:85.81ms this_step:4271.9ms mem:20968MiB swa_n:0
step:1000/20000 train_loss:2.310175 lr_scale:1.0000 muon_mom:0.9666 train_time:85786ms step_avg:85.79ms this_step:4266.7ms mem:20968MiB swa_n:0
step:1050/20000 train_loss:2.275277 lr_scale:1.0000 muon_mom:0.9690 train_time:90105ms step_avg:85.81ms this_step:4319.7ms mem:20968MiB swa_n:0
step:1100/20000 train_loss:2.376617 lr_scale:1.0000 muon_mom:0.9713 train_time:94368ms step_avg:85.79ms this_step:4262.6ms mem:20968MiB swa_n:0
step:1150/20000 train_loss:2.289080 lr_scale:1.0000 muon_mom:0.9736 train_time:98695ms step_avg:85.82ms this_step:4327.3ms mem:20968MiB swa_n:0
step:1200/20000 train_loss:2.403629 lr_scale:1.0000 muon_mom:0.9760 train_time:102952ms step_avg:85.79ms this_step:4256.8ms mem:20968MiB swa_n:0
step:1250/20000 train_loss:2.292314 lr_scale:1.0000 muon_mom:0.9783 train_time:107213ms step_avg:85.77ms this_step:4261.5ms mem:20968MiB swa_n:0
step:1300/20000 train_loss:2.154172 lr_scale:1.0000 muon_mom:0.9806 train_time:111527ms step_avg:85.79ms this_step:4313.5ms mem:20968MiB swa_n:0
step:1350/20000 train_loss:2.285861 lr_scale:1.0000 muon_mom:0.9830 train_time:115777ms step_avg:85.76ms this_step:4250.2ms mem:20968MiB swa_n:0
step:1400/20000 train_loss:2.230344 lr_scale:1.0000 muon_mom:0.9853 train_time:120097ms step_avg:85.78ms this_step:4320.1ms mem:20968MiB swa_n:0
step:1450/20000 train_loss:2.168514 lr_scale:1.0000 muon_mom:0.9876 train_time:124347ms step_avg:85.76ms this_step:4250.0ms mem:20968MiB swa_n:0
step:1500/20000 train_loss:2.258535 lr_scale:1.0000 muon_mom:0.9900 train_time:128602ms step_avg:85.73ms this_step:4254.9ms mem:20968MiB swa_n:0
step:1550/20000 train_loss:2.227420 lr_scale:1.0000 muon_mom:0.9900 train_time:132927ms step_avg:85.76ms this_step:4324.7ms mem:20968MiB swa_n:0
step:1600/20000 train_loss:2.124820 lr_scale:1.0000 muon_mom:0.9900 train_time:137183ms step_avg:85.74ms this_step:4256.6ms mem:20968MiB swa_n:0
step:1650/20000 train_loss:2.239532 lr_scale:1.0000 muon_mom:0.9900 train_time:141442ms step_avg:85.72ms this_step:4258.9ms mem:20968MiB swa_n:0
step:1700/20000 train_loss:2.179531 lr_scale:1.0000 muon_mom:0.9900 train_time:145759ms step_avg:85.74ms this_step:4316.5ms mem:20968MiB swa_n:0
step:1750/20000 train_loss:2.242367 lr_scale:1.0000 muon_mom:0.9900 train_time:150015ms step_avg:85.72ms this_step:4256.0ms mem:20968MiB swa_n:0
step:1800/20000 train_loss:2.228881 lr_scale:1.0000 muon_mom:0.9900 train_time:154332ms step_avg:85.74ms this_step:4317.4ms mem:20968MiB swa_n:0
step:1850/20000 train_loss:2.075923 lr_scale:1.0000 muon_mom:0.9900 train_time:158586ms step_avg:85.72ms this_step:4253.3ms mem:20968MiB swa_n:0
step:1900/20000 train_loss:2.172292 lr_scale:1.0000 muon_mom:0.9900 train_time:162846ms step_avg:85.71ms this_step:4260.9ms mem:20968MiB swa_n:0
step:1950/20000 train_loss:2.065415 lr_scale:1.0000 muon_mom:0.9900 train_time:167166ms step_avg:85.73ms this_step:4319.1ms mem:20968MiB swa_n:0
step:2000/20000 train_loss:2.109418 lr_scale:1.0000 muon_mom:0.9900 train_time:171420ms step_avg:85.71ms this_step:4254.4ms mem:20968MiB swa_n:0
step:2050/20000 train_loss:2.153561 lr_scale:1.0000 muon_mom:0.9900 train_time:175731ms step_avg:85.72ms this_step:4311.2ms mem:20968MiB swa_n:0
step:2100/20000 train_loss:2.076968 lr_scale:1.0000 muon_mom:0.9900 train_time:179992ms step_avg:85.71ms this_step:4260.9ms mem:20968MiB swa_n:0
step:2150/20000 train_loss:2.187206 lr_scale:1.0000 muon_mom:0.9900 train_time:184251ms step_avg:85.70ms this_step:4259.2ms mem:20968MiB swa_n:0
step:2200/20000 train_loss:2.238276 lr_scale:1.0000 muon_mom:0.9900 train_time:188577ms step_avg:85.72ms this_step:4325.9ms mem:20968MiB swa_n:0
step:2250/20000 train_loss:2.215969 lr_scale:1.0000 muon_mom:0.9900 train_time:192833ms step_avg:85.70ms this_step:4255.7ms mem:20968MiB swa_n:0
step:2300/20000 train_loss:2.149021 lr_scale:1.0000 muon_mom:0.9900 train_time:197154ms step_avg:85.72ms this_step:4321.4ms mem:20968MiB swa_n:0
step:2350/20000 train_loss:2.209922 lr_scale:1.0000 muon_mom:0.9900 train_time:201416ms step_avg:85.71ms this_step:4261.5ms mem:20968MiB swa_n:0
step:2400/20000 train_loss:2.110715 lr_scale:1.0000 muon_mom:0.9900 train_time:205672ms step_avg:85.70ms this_step:4256.4ms mem:20968MiB swa_n:0
step:2450/20000 train_loss:2.120765 lr_scale:1.0000 muon_mom:0.9900 train_time:209987ms step_avg:85.71ms this_step:4315.2ms mem:20968MiB swa_n:0
step:2500/20000 train_loss:2.210976 lr_scale:1.0000 muon_mom:0.9900 train_time:214245ms step_avg:85.70ms this_step:4257.5ms mem:20968MiB swa_n:0
step:2550/20000 train_loss:2.241281 lr_scale:1.0000 muon_mom:0.9900 train_time:218563ms step_avg:85.71ms this_step:4318.6ms mem:20968MiB swa_n:0
step:2600/20000 train_loss:2.144077 lr_scale:1.0000 muon_mom:0.9900 train_time:222821ms step_avg:85.70ms this_step:4257.8ms mem:20968MiB swa_n:0
step:2650/20000 train_loss:2.121415 lr_scale:1.0000 muon_mom:0.9900 train_time:227075ms step_avg:85.69ms this_step:4254.2ms mem:20968MiB swa_n:0
step:2700/20000 train_loss:2.137898 lr_scale:1.0000 muon_mom:0.9900 train_time:231394ms step_avg:85.70ms this_step:4318.6ms mem:20968MiB swa_n:0
step:2750/20000 train_loss:2.073066 lr_scale:1.0000 muon_mom:0.9900 train_time:235648ms step_avg:85.69ms this_step:4254.3ms mem:20968MiB swa_n:0
step:2800/20000 train_loss:2.188141 lr_scale:1.0000 muon_mom:0.9900 train_time:239972ms step_avg:85.70ms this_step:4323.5ms mem:20968MiB swa_n:0
step:2850/20000 train_loss:2.102339 lr_scale:1.0000 muon_mom:0.9900 train_time:244229ms step_avg:85.69ms this_step:4256.7ms mem:20968MiB swa_n:0
step:2900/20000 train_loss:2.069541 lr_scale:1.0000 muon_mom:0.9900 train_time:248483ms step_avg:85.68ms this_step:4254.6ms mem:20968MiB swa_n:0
step:2950/20000 train_loss:2.119594 lr_scale:1.0000 muon_mom:0.9900 train_time:252802ms step_avg:85.70ms this_step:4319.1ms mem:20968MiB swa_n:0
step:3000/20000 train_loss:2.193716 lr_scale:1.0000 muon_mom:0.9900 train_time:257060ms step_avg:85.69ms this_step:4257.7ms mem:20968MiB swa_n:0
step:3050/20000 train_loss:2.079145 lr_scale:1.0000 muon_mom:0.9900 train_time:261320ms step_avg:85.68ms this_step:4259.8ms mem:20968MiB swa_n:0
step:3100/20000 train_loss:2.082214 lr_scale:1.0000 muon_mom:0.9900 train_time:265635ms step_avg:85.69ms this_step:4314.8ms mem:20968MiB swa_n:0
step:3150/20000 train_loss:2.009974 lr_scale:1.0000 muon_mom:0.9900 train_time:269889ms step_avg:85.68ms this_step:4254.9ms mem:20968MiB swa_n:0
step:3200/20000 train_loss:2.209783 lr_scale:1.0000 muon_mom:0.9900 train_time:274203ms step_avg:85.69ms this_step:4313.8ms mem:20968MiB swa_n:0
step:3250/20000 train_loss:2.084209 lr_scale:1.0000 muon_mom:0.9900 train_time:278465ms step_avg:85.68ms this_step:4262.0ms mem:20968MiB swa_n:0
step:3300/20000 train_loss:2.110947 lr_scale:1.0000 muon_mom:0.9900 train_time:282727ms step_avg:85.67ms this_step:4261.3ms mem:20968MiB swa_n:0
step:3350/20000 train_loss:2.130797 lr_scale:1.0000 muon_mom:0.9900 train_time:287041ms step_avg:85.68ms this_step:4314.1ms mem:20968MiB swa_n:0
step:3400/20000 train_loss:2.069887 lr_scale:1.0000 muon_mom:0.9900 train_time:291303ms step_avg:85.68ms this_step:4262.5ms mem:20968MiB swa_n:0
step:3450/20000 train_loss:2.154726 lr_scale:1.0000 muon_mom:0.9900 train_time:295620ms step_avg:85.69ms this_step:4316.9ms mem:20968MiB swa_n:0
step:3500/20000 train_loss:2.221427 lr_scale:1.0000 muon_mom:0.9900 train_time:299874ms step_avg:85.68ms this_step:4253.5ms mem:20968MiB swa_n:0
step:3550/20000 train_loss:1.967607 lr_scale:1.0000 muon_mom:0.9900 train_time:304131ms step_avg:85.67ms this_step:4257.6ms mem:20968MiB swa_n:0
step:3600/20000 train_loss:2.133623 lr_scale:1.0000 muon_mom:0.9900 train_time:308453ms step_avg:85.68ms this_step:4321.9ms mem:20968MiB swa_n:0
step:3650/20000 train_loss:2.026044 lr_scale:1.0000 muon_mom:0.9900 train_time:312709ms step_avg:85.67ms this_step:4255.8ms mem:20968MiB swa_n:0
step:3700/20000 train_loss:2.128783 lr_scale:1.0000 muon_mom:0.9900 train_time:317030ms step_avg:85.68ms this_step:4321.2ms mem:20968MiB swa_n:0
step:3750/20000 train_loss:1.963316 lr_scale:1.0000 muon_mom:0.9900 train_time:321290ms step_avg:85.68ms this_step:4260.2ms mem:20968MiB swa_n:0
step:3800/20000 train_loss:2.116258 lr_scale:1.0000 muon_mom:0.9900 train_time:325541ms step_avg:85.67ms this_step:4251.1ms mem:20968MiB swa_n:0
step:3850/20000 train_loss:2.134863 lr_scale:1.0000 muon_mom:0.9900 train_time:329863ms step_avg:85.68ms this_step:4321.4ms mem:20968MiB swa_n:0
step:3900/20000 train_loss:2.122290 lr_scale:1.0000 muon_mom:0.9900 train_time:334124ms step_avg:85.67ms this_step:4260.9ms mem:20968MiB swa_n:0
step:3950/20000 train_loss:2.219366 lr_scale:1.0000 muon_mom:0.9900 train_time:338439ms step_avg:85.68ms this_step:4315.2ms mem:20968MiB swa_n:0
step:4000/20000 train_loss:2.020355 lr_scale:1.0000 muon_mom:0.9900 train_time:342699ms step_avg:85.67ms this_step:4260.4ms mem:20968MiB swa_n:0
step:4050/20000 train_loss:2.133761 lr_scale:0.9848 muon_mom:0.9900 train_time:346955ms step_avg:85.67ms this_step:4256.0ms mem:20968MiB swa_n:0
step:4100/20000 train_loss:2.076196 lr_scale:0.9679 muon_mom:0.9900 train_time:351275ms step_avg:85.68ms this_step:4319.6ms mem:20968MiB swa_n:0
step:4150/20000 train_loss:2.156598 lr_scale:0.9514 muon_mom:0.9900 train_time:355529ms step_avg:85.67ms this_step:4253.6ms mem:20968MiB swa_n:0
step:4200/20000 train_loss:2.202998 lr_scale:0.9345 muon_mom:0.9900 train_time:359848ms step_avg:85.68ms this_step:4319.1ms mem:20968MiB swa_n:0
step:4250/20000 train_loss:2.157197 lr_scale:0.9180 muon_mom:0.9900 train_time:364105ms step_avg:85.67ms this_step:4257.3ms mem:20968MiB swa_n:0
step:4300/20000 train_loss:2.102365 lr_scale:0.9015 muon_mom:0.9900 train_time:368363ms step_avg:85.67ms this_step:4258.0ms mem:20968MiB swa_n:0
step:4350/20000 train_loss:2.117760 lr_scale:0.8846 muon_mom:0.9900 train_time:372689ms step_avg:85.68ms this_step:4325.6ms mem:20968MiB swa_n:0
step:4400/20000 train_loss:2.079841 lr_scale:0.8681 muon_mom:0.9900 train_time:376944ms step_avg:85.67ms this_step:4255.1ms mem:20968MiB swa_n:0
step:4450/20000 train_loss:2.085819 lr_scale:0.8516 muon_mom:0.9900 train_time:381199ms step_avg:85.66ms this_step:4255.1ms mem:20968MiB swa_n:0
step:4500/20000 train_loss:2.159081 lr_scale:0.8347 muon_mom:0.9900 train_time:385523ms step_avg:85.67ms this_step:4323.9ms mem:20968MiB swa_n:0
step:4550/20000 train_loss:2.169802 lr_scale:0.8182 muon_mom:0.9900 train_time:389782ms step_avg:85.67ms this_step:4259.0ms mem:20968MiB swa_n:0
step:4600/20000 train_loss:1.907143 lr_scale:0.8013 muon_mom:0.9900 train_time:394102ms step_avg:85.67ms this_step:4320.4ms mem:20968MiB swa_n:0
step:4650/20000 train_loss:2.102697 lr_scale:0.7848 muon_mom:0.9900 train_time:398361ms step_avg:85.67ms this_step:4258.8ms mem:20968MiB swa_n:0
step:4700/20000 train_loss:2.294374 lr_scale:0.7683 muon_mom:0.9900 train_time:402618ms step_avg:85.66ms this_step:4257.4ms mem:20968MiB swa_n:0
step:4750/20000 train_loss:2.060843 lr_scale:0.7514 muon_mom:0.9900 train_time:406934ms step_avg:85.67ms this_step:4315.5ms mem:20968MiB swa_n:0
step:4800/20000 train_loss:2.508685 lr_scale:0.7349 muon_mom:0.9900 train_time:411190ms step_avg:85.66ms this_step:4256.7ms mem:20968MiB swa_n:0
step:4850/20000 train_loss:2.154543 lr_scale:0.7181 muon_mom:0.9900 train_time:415507ms step_avg:85.67ms this_step:4316.5ms mem:20968MiB swa_n:0
step:4900/20000 train_loss:2.100473 lr_scale:0.7015 muon_mom:0.9900 train_time:419772ms step_avg:85.67ms this_step:4264.6ms mem:20968MiB swa_n:0
step:4950/20000 train_loss:2.150362 lr_scale:0.6850 muon_mom:0.9900 train_time:424032ms step_avg:85.66ms this_step:4260.8ms mem:20968MiB swa_n:0
step:5000/20000 train_loss:2.155207 lr_scale:0.6681 muon_mom:0.9900 train_time:428359ms step_avg:85.67ms this_step:4326.4ms mem:20968MiB swa_n:0
step:5050/20000 train_loss:2.133303 lr_scale:0.6515 muon_mom:0.9900 train_time:432621ms step_avg:85.67ms this_step:4262.4ms mem:20968MiB swa_n:0
step:5100/20000 train_loss:2.162120 lr_scale:0.6346 muon_mom:0.9900 train_time:436950ms step_avg:85.68ms this_step:4329.1ms mem:20968MiB swa_n:0
step:5150/20000 train_loss:2.078227 lr_scale:0.6181 muon_mom:0.9900 train_time:441207ms step_avg:85.67ms this_step:4257.3ms mem:20968MiB swa_n:0
step:5200/20000 train_loss:2.089318 lr_scale:0.6015 muon_mom:0.9900 train_time:445463ms step_avg:85.67ms this_step:4255.8ms mem:20968MiB swa_n:0
step:5250/20000 train_loss:2.104722 lr_scale:0.5847 muon_mom:0.9900 train_time:449781ms step_avg:85.67ms this_step:4317.9ms mem:20968MiB swa_n:0
step:5300/20000 train_loss:2.055717 lr_scale:0.5682 muon_mom:0.9900 train_time:454042ms step_avg:85.67ms this_step:4261.2ms mem:20968MiB swa_n:0
step:5350/20000 train_loss:1.974722 lr_scale:0.5513 muon_mom:0.9900 train_time:458355ms step_avg:85.67ms this_step:4312.4ms mem:20968MiB swa_n:0
step:5400/20000 train_loss:2.093348 lr_scale:0.5348 muon_mom:0.9900 train_time:462620ms step_avg:85.67ms this_step:4265.1ms mem:20968MiB swa_n:0
step:5450/20000 train_loss:2.116561 lr_scale:0.5182 muon_mom:0.9900 train_time:466879ms step_avg:85.67ms this_step:4259.3ms mem:20968MiB swa_n:0
step:5500/20000 train_loss:2.058341 lr_scale:0.5014 muon_mom:0.9900 train_time:471195ms step_avg:85.67ms this_step:4315.9ms mem:20968MiB swa_n:0
step:5550/20000 train_loss:2.053380 lr_scale:0.4848 muon_mom:0.9900 train_time:475456ms step_avg:85.67ms this_step:4260.6ms mem:20968MiB swa_n:0
step:5600/20000 train_loss:2.014584 lr_scale:0.4680 muon_mom:0.9900 train_time:479783ms step_avg:85.68ms this_step:4327.0ms mem:20968MiB swa_n:0
step:5650/20000 train_loss:2.092818 lr_scale:0.4514 muon_mom:0.9900 train_time:484042ms step_avg:85.67ms this_step:4259.5ms mem:20968MiB swa_n:0
step:5700/20000 train_loss:2.057044 lr_scale:0.4348 muon_mom:0.9900 train_time:488310ms step_avg:85.67ms this_step:4268.2ms mem:20968MiB swa_n:0
step:5750/20000 train_loss:2.138947 lr_scale:0.4180 muon_mom:0.9900 train_time:492636ms step_avg:85.68ms this_step:4325.8ms mem:20968MiB swa_n:0
step:5800/20000 train_loss:2.050379 lr_scale:0.4014 muon_mom:0.9900 train_time:496900ms step_avg:85.67ms this_step:4264.3ms mem:20968MiB swa_n:0
step:5850/20000 train_loss:2.171036 lr_scale:0.3848 muon_mom:0.9900 train_time:501233ms step_avg:85.68ms this_step:4332.4ms mem:20968MiB swa_n:0
step:5900/20000 train_loss:1.951048 lr_scale:0.3680 muon_mom:0.9900 train_time:505489ms step_avg:85.68ms this_step:4255.7ms mem:20968MiB swa_n:0
step:5950/20000 train_loss:2.003758 lr_scale:0.3514 muon_mom:0.9900 train_time:509744ms step_avg:85.67ms this_step:4255.5ms mem:20968MiB swa_n:0
step:6000/20000 train_loss:1.993308 lr_scale:0.3346 muon_mom:0.9900 train_time:514067ms step_avg:85.68ms this_step:4322.9ms mem:20968MiB swa_n:0
step:6050/20000 train_loss:2.010296 lr_scale:0.3180 muon_mom:0.9900 train_time:518331ms step_avg:85.67ms this_step:4264.0ms mem:20968MiB swa_n:0
step:6100/20000 train_loss:1.967412 lr_scale:0.3014 muon_mom:0.9900 train_time:522592ms step_avg:85.67ms this_step:4261.5ms mem:20968MiB swa_n:0
step:6150/20000 train_loss:2.069739 lr_scale:0.2846 muon_mom:0.9900 train_time:526914ms step_avg:85.68ms this_step:4321.1ms mem:20968MiB swa_n:0
step:6200/20000 train_loss:2.004828 lr_scale:0.2680 muon_mom:0.9900 train_time:531177ms step_avg:85.67ms this_step:4263.3ms mem:20968MiB swa_n:0
step:6250/20000 train_loss:2.118044 lr_scale:0.2512 muon_mom:0.9900 train_time:535502ms step_avg:85.68ms this_step:4324.8ms mem:20968MiB swa_n:0
step:6300/20000 train_loss:1.987034 lr_scale:0.2346 muon_mom:0.9900 train_time:539758ms step_avg:85.68ms this_step:4256.1ms mem:20968MiB swa_n:0
step:6350/20000 train_loss:2.082535 lr_scale:0.2181 muon_mom:0.9900 train_time:544021ms step_avg:85.67ms this_step:4263.0ms mem:20968MiB swa_n:0
step:6400/20000 train_loss:2.042121 lr_scale:0.2012 muon_mom:0.9900 train_time:548346ms step_avg:85.68ms this_step:4325.5ms mem:20968MiB swa_n:0
step:6450/20000 train_loss:2.115108 lr_scale:0.1846 muon_mom:0.9900 train_time:552610ms step_avg:85.68ms this_step:4263.9ms mem:20968MiB swa_n:0
swa:start step=6450
step:6500/20000 train_loss:2.119952 lr_scale:0.1673 muon_mom:0.9900 train_time:557060ms step_avg:85.70ms this_step:4449.6ms mem:20968MiB swa_n:1
step:6550/20000 train_loss:2.087032 lr_scale:0.1504 muon_mom:0.9900 train_time:561385ms step_avg:85.71ms this_step:4325.2ms mem:20968MiB swa_n:2
step:6600/20000 train_loss:1.898588 lr_scale:0.1337 muon_mom:0.9900 train_time:565683ms step_avg:85.71ms this_step:4298.0ms mem:20968MiB swa_n:3
step:6650/20000 train_loss:1.854985 lr_scale:0.1168 muon_mom:0.9900 train_time:570041ms step_avg:85.72ms this_step:4358.2ms mem:20968MiB swa_n:4
step:6700/20000 train_loss:1.985787 lr_scale:0.1001 muon_mom:0.9900 train_time:574331ms step_avg:85.72ms this_step:4289.9ms mem:20968MiB swa_n:5
step:6750/20000 train_loss:2.133710 lr_scale:0.0831 muon_mom:0.9900 train_time:578684ms step_avg:85.73ms this_step:4352.8ms mem:20968MiB swa_n:6
step:6800/20000 train_loss:2.061481 lr_scale:0.0664 muon_mom:0.9900 train_time:582980ms step_avg:85.73ms this_step:4296.3ms mem:20968MiB swa_n:7
step:6850/20000 train_loss:1.873726 lr_scale:0.0498 muon_mom:0.9900 train_time:587268ms step_avg:85.73ms this_step:4288.3ms mem:20968MiB swa_n:8
step:6900/20000 train_loss:1.870597 lr_scale:0.0327 muon_mom:0.9900 train_time:591647ms step_avg:85.75ms this_step:4378.8ms mem:20968MiB swa_n:9
step:6950/20000 train_loss:1.999278 lr_scale:0.0160 muon_mom:0.9900 train_time:595952ms step_avg:85.75ms this_step:4304.7ms mem:20968MiB swa_n:10
step:6997/20000 val_loss:1.9754 val_bpb:1.1699 train_time:600073ms step_avg:85.76ms
stopping_early: wallclock_cap train_time:600073ms step:6997/20000
peak memory allocated: 20968 MiB reserved: 21074 MiB
phase:train wall_ms:613779 steps:6997 step_avg:85.76ms
swa:applying averaged 11 checkpoints
pruning: zeroed 800,575 weights (3.0%) below 0.003531
phase:postprocess wall_ms:179 (swa+ema+pruning)
pre_quant_eval val_loss:1.9645 val_bpb:1.1635 eval_time:18520ms
pre_quant_eval_exact val_loss:1.96449108 val_bpb:1.16348227
Serialized model: 105792597 bytes
Code size: 70490 bytes
Total submission size: 105863087 bytes
quant_tensor:bigram.embed.weight shape:[2048, 128] bits:6 scale_range:[0.032257,0.032257]
quant_tensor:blocks.0.attn.c_k.weight shape:[256, 512] bits:6 scale_range:[0.032257,0.046753]
quant_tensor:blocks.0.attn.c_q.weight shape:[512, 512] bits:6 scale_range:[0.032257,0.040680]
quant_tensor:blocks.0.attn.c_v.weight shape:[256, 512] bits:6 scale_range:[0.032257,0.032257]
quant_tensor:blocks.0.attn.proj.weight shape:[512, 512] bits:6 scale_range:[0.032257,0.032257]
quant_tensor:blocks.0.mlp.fc.weight shape:[1536, 512] bits:6 scale_range:[0.032257,0.049377]
quant_tensor:blocks.0.mlp.proj.weight shape:[512, 1536] bits:6 scale_range:[0.032257,0.032257]
quant_tensor:blocks.1.attn.c_k.weight shape:[256, 512] bits:6 scale_range:[0.032257,0.051971]
quant_tensor:blocks.1.attn.c_q.weight shape:[512, 512] bits:6 scale_range:[0.032257,0.032898]
quant_tensor:blocks.1.attn.c_v.weight shape:[256, 512] bits:6 scale_range:[0.032257,0.032562]
quant_tensor:blocks.1.attn.proj.weight shape:[512, 512] bits:6 scale_range:[0.032257,0.032257]
quant_tensor:blocks.1.mlp.fc.weight shape:[1536, 512] bits:6 scale_range:[0.032257,0.040985]
quant_tensor:blocks.1.mlp.proj.weight shape:[512, 1536] bits:6 scale_range:[0.032257,0.075134]
quant_tensor:blocks.10.attn.c_k.weight shape:[256, 512] bits:6 scale_range:[0.032257,0.038025]
quant_tensor:blocks.10.attn.c_q.weight shape:[512, 512] bits:6 scale_range:[0.032257,0.032257]
quant_tensor:blocks.10.attn.c_v.weight shape:[256, 512] bits:6 scale_range:[0.032257,0.035217]
quant_tensor:blocks.10.attn.proj.weight shape:[512, 512] bits:6 scale_range:[0.032257,0.032257]
quant_tensor:blocks.10.mlp.fc.weight shape:[1536, 512] bits:6 scale_range:[0.032257,0.035614]
quant_tensor:blocks.10.mlp.proj.weight shape:[512, 1536] bits:6 scale_range:[0.032257,0.087830]
quant_tensor:blocks.2.attn.c_k.weight shape:[256, 512] bits:6 scale_range:[0.032257,0.046478]
quant_tensor:blocks.2.attn.c_q.weight shape:[512, 512] bits:6 scale_range:[0.032257,0.032257]
quant_tensor:blocks.2.attn.c_v.weight shape:[256, 512] bits:6 scale_range:[0.032257,0.032257]
quant_tensor:blocks.2.attn.proj.weight shape:[512, 512] bits:6 scale_range:[0.032257,0.032257]
quant_tensor:blocks.2.mlp.fc.weight shape:[1536, 512] bits:6 scale_range:[0.032257,0.034271]
quant_tensor:blocks.2.mlp.proj.weight shape:[512, 1536] bits:6 scale_range:[0.032257,0.032257]
quant_tensor:blocks.3.attn.c_k.weight shape:[256, 512] bits:6 scale_range:[0.032257,0.049530]
quant_tensor:blocks.3.attn.c_q.weight shape:[512, 512] bits:6 scale_range:[0.032257,0.035400]
quant_tensor:blocks.3.attn.c_v.weight shape:[256, 512] bits:6 scale_range:[0.032257,0.033478]
quant_tensor:blocks.3.attn.proj.weight shape:[512, 512] bits:6 scale_range:[0.032257,0.032257]
quant_tensor:blocks.3.mlp.fc.weight shape:[1536, 512] bits:6 scale_range:[0.032257,0.207764]
quant_tensor:blocks.3.mlp.proj.weight shape:[512, 1536] bits:6 scale_range:[0.032257,0.125854]
quant_tensor:blocks.4.attn.c_k.weight shape:[256, 512] bits:6 scale_range:[0.032257,0.033508]
quant_tensor:blocks.4.attn.c_q.weight shape:[512, 512] bits:6 scale_range:[0.032257,0.032257]
quant_tensor:blocks.4.attn.c_v.weight shape:[256, 512] bits:6 scale_range:[0.032257,0.033417]
quant_tensor:blocks.4.attn.proj.weight shape:[512, 512] bits:6 scale_range:[0.032257,0.032257]
quant_tensor:blocks.4.mlp.fc.weight shape:[1536, 512] bits:6 scale_range:[0.032257,0.033722]
quant_tensor:blocks.4.mlp.proj.weight shape:[512, 1536] bits:6 scale_range:[0.032257,0.032257]
quant_tensor:blocks.5.attn.c_k.weight shape:[256, 512] bits:6 scale_range:[0.032257,0.048126]
quant_tensor:blocks.5.attn.c_q.weight shape:[512, 512] bits:6 scale_range:[0.032257,0.032257]
quant_tensor:blocks.5.attn.c_v.weight shape:[256, 512] bits:6 scale_range:[0.032257,0.033844]
quant_tensor:blocks.5.attn.proj.weight shape:[512, 512] bits:6 scale_range:[0.032257,0.032257]
quant_tensor:blocks.5.mlp.fc.weight shape:[1536, 512] bits:6 scale_range:[0.032257,0.036682]
quant_tensor:blocks.5.mlp.proj.weight shape:[512, 1536] bits:6 scale_range:[0.032257,0.037201]
quant_tensor:blocks.6.attn.c_k.weight shape:[256, 512] bits:6 scale_range:[0.032257,0.044678]
quant_tensor:blocks.6.attn.c_q.weight shape:[512, 512] bits:6 scale_range:[0.032257,0.032257]
quant_tensor:blocks.6.attn.c_v.weight shape:[256, 512] bits:6 scale_range:[0.032257,0.035706]
quant_tensor:blocks.6.attn.proj.weight shape:[512, 512] bits:6 scale_range:[0.032257,0.032257]
quant_tensor:blocks.6.mlp.fc.weight shape:[1536, 512] bits:6 scale_range:[0.032257,0.034058]
quant_tensor:blocks.6.mlp.proj.weight shape:[512, 1536] bits:6 scale_range:[0.032257,0.032257]
quant_tensor:blocks.7.attn.c_k.weight shape:[256, 512] bits:6 scale_range:[0.032257,0.035461]
quant_tensor:blocks.7.attn.c_q.weight shape:[512, 512] bits:6 scale_range:[0.032257,0.032257]
quant_tensor:blocks.7.attn.c_v.weight shape:[256, 512] bits:6 scale_range:[0.032257,0.036530]
quant_tensor:blocks.7.attn.proj.weight shape:[512, 512] bits:6 scale_range:[0.032257,0.032257]
quant_tensor:blocks.7.mlp.fc.weight shape:[1536, 512] bits:6 scale_range:[0.032257,0.035645]
quant_tensor:blocks.7.mlp.proj.weight shape:[512, 1536] bits:6 scale_range:[0.032257,0.032257]
quant_tensor:blocks.8.attn.c_k.weight shape:[256, 512] bits:6 scale_range:[0.032257,0.042328]
quant_tensor:blocks.8.attn.c_q.weight shape:[512, 512] bits:6 scale_range:[0.032257,0.035248]
quant_tensor:blocks.8.attn.c_v.weight shape:[256, 512] bits:6 scale_range:[0.032257,0.041443]
quant_tensor:blocks.8.attn.proj.weight shape:[512, 512] bits:6 scale_range:[0.032257,0.040375]
quant_tensor:blocks.8.mlp.fc.weight shape:[1536, 512] bits:6 scale_range:[0.032257,0.035461]
quant_tensor:blocks.8.mlp.proj.weight shape:[512, 1536] bits:6 scale_range:[0.032257,0.032257]
quant_tensor:blocks.9.attn.c_k.weight shape:[256, 512] bits:6 scale_range:[0.032257,0.042969]
quant_tensor:blocks.9.attn.c_q.weight shape:[512, 512] bits:6 scale_range:[0.032257,0.032257]
quant_tensor:blocks.9.attn.c_v.weight shape:[256, 512] bits:6 scale_range:[0.032257,0.033630]
quant_tensor:blocks.9.attn.proj.weight shape:[512, 512] bits:6 scale_range:[0.032257,0.032257]
quant_tensor:blocks.9.mlp.fc.weight shape:[1536, 512] bits:6 scale_range:[0.032257,0.033569]
quant_tensor:blocks.9.mlp.proj.weight shape:[512, 1536] bits:6 scale_range:[0.032257,0.032379]
passthrough_tensor:bigram.proj.weight shape:[512, 128] dtype:torch.float16 bytes:131072
passthrough_tensor:bigram.scale shape:[] dtype:torch.float16 bytes:2
passthrough_tensor:blocks.0.attn.q_gain shape:[8] dtype:torch.float32 bytes:32
passthrough_tensor:blocks.0.attn_scale shape:[512] dtype:torch.float32 bytes:2048
passthrough_tensor:blocks.0.depth_scale shape:[] dtype:torch.float16 bytes:2
passthrough_tensor:blocks.0.mlp_scale shape:[512] dtype:torch.float32 bytes:2048
passthrough_tensor:blocks.0.resid_mix shape:[2, 512] dtype:torch.float32 bytes:4096
passthrough_tensor:blocks.1.attn.q_gain shape:[8] dtype:torch.float32 bytes:32
passthrough_tensor:blocks.1.attn_scale shape:[512] dtype:torch.float32 bytes:2048
passthrough_tensor:blocks.1.depth_scale shape:[] dtype:torch.float16 bytes:2
passthrough_tensor:blocks.1.mlp_scale shape:[512] dtype:torch.float32 bytes:2048
passthrough_tensor:blocks.1.resid_mix shape:[2, 512] dtype:torch.float32 bytes:4096
passthrough_tensor:blocks.10.attn.q_gain shape:[8] dtype:torch.float32 bytes:32
passthrough_tensor:blocks.10.attn_scale shape:[512] dtype:torch.float32 bytes:2048
passthrough_tensor:blocks.10.depth_scale shape:[] dtype:torch.float16 bytes:2
passthrough_tensor:blocks.10.mlp_scale shape:[512] dtype:torch.float32 bytes:2048
passthrough_tensor:blocks.10.resid_mix shape:[2, 512] dtype:torch.float32 bytes:4096
passthrough_tensor:blocks.2.attn.q_gain shape:[8] dtype:torch.float32 bytes:32
passthrough_tensor:blocks.2.attn_scale shape:[512] dtype:torch.float32 bytes:2048
passthrough_tensor:blocks.2.depth_scale shape:[] dtype:torch.float16 bytes:2
passthrough_tensor:blocks.2.mlp_scale shape:[512] dtype:torch.float32 bytes:2048
passthrough_tensor:blocks.2.resid_mix shape:[2, 512] dtype:torch.float32 bytes:4096
passthrough_tensor:blocks.3.attn.q_gain shape:[8] dtype:torch.float32 bytes:32
passthrough_tensor:blocks.3.attn_scale shape:[512] dtype:torch.float32 bytes:2048
passthrough_tensor:blocks.3.depth_scale shape:[] dtype:torch.float16 bytes:2
passthrough_tensor:blocks.3.mlp_scale shape:[512] dtype:torch.float32 bytes:2048
passthrough_tensor:blocks.3.resid_mix shape:[2, 512] dtype:torch.float32 bytes:4096
passthrough_tensor:blocks.4.attn.q_gain shape:[8] dtype:torch.float32 bytes:32
passthrough_tensor:blocks.4.attn_scale shape:[512] dtype:torch.float32 bytes:2048
passthrough_tensor:blocks.4.depth_scale shape:[] dtype:torch.float16 bytes:2
passthrough_tensor:blocks.4.mlp_scale shape:[512] dtype:torch.float32 bytes:2048
passthrough_tensor:blocks.4.resid_mix shape:[2, 512] dtype:torch.float32 bytes:4096
passthrough_tensor:blocks.5.attn.q_gain shape:[8] dtype:torch.float32 bytes:32
passthrough_tensor:blocks.5.attn_scale shape:[512] dtype:torch.float32 bytes:2048
passthrough_tensor:blocks.5.depth_scale shape:[] dtype:torch.float16 bytes:2
passthrough_tensor:blocks.5.mlp_scale shape:[512] dtype:torch.float32 bytes:2048
passthrough_tensor:blocks.5.resid_mix shape:[2, 512] dtype:torch.float32 bytes:4096
passthrough_tensor:blocks.6.attn.q_gain shape:[8] dtype:torch.float32 bytes:32
passthrough_tensor:blocks.6.attn_scale shape:[512] dtype:torch.float32 bytes:2048
passthrough_tensor:blocks.6.depth_scale shape:[] dtype:torch.float16 bytes:2
passthrough_tensor:blocks.6.mlp_scale shape:[512] dtype:torch.float32 bytes:2048
passthrough_tensor:blocks.6.resid_mix shape:[2, 512] dtype:torch.float32 bytes:4096
passthrough_tensor:blocks.7.attn.q_gain shape:[8] dtype:torch.float32 bytes:32
passthrough_tensor:blocks.7.attn_scale shape:[512] dtype:torch.float32 bytes:2048
passthrough_tensor:blocks.7.depth_scale shape:[] dtype:torch.float16 bytes:2
passthrough_tensor:blocks.7.mlp_scale shape:[512] dtype:torch.float32 bytes:2048
passthrough_tensor:blocks.7.resid_mix shape:[2, 512] dtype:torch.float32 bytes:4096
passthrough_tensor:blocks.8.attn.q_gain shape:[8] dtype:torch.float32 bytes:32
passthrough_tensor:blocks.8.attn_scale shape:[512] dtype:torch.float32 bytes:2048
passthrough_tensor:blocks.8.depth_scale shape:[] dtype:torch.float16 bytes:2
passthrough_tensor:blocks.8.mlp_scale shape:[512] dtype:torch.float32 bytes:2048
passthrough_tensor:blocks.8.resid_mix shape:[2, 512] dtype:torch.float32 bytes:4096
passthrough_tensor:blocks.9.attn.q_gain shape:[8] dtype:torch.float32 bytes:32
passthrough_tensor:blocks.9.attn_scale shape:[512] dtype:torch.float32 bytes:2048
passthrough_tensor:blocks.9.depth_scale shape:[] dtype:torch.float16 bytes:2
passthrough_tensor:blocks.9.mlp_scale shape:[512] dtype:torch.float32 bytes:2048
passthrough_tensor:blocks.9.resid_mix shape:[2, 512] dtype:torch.float32 bytes:4096
passthrough_tensor:skip_weights shape:[5, 512] dtype:torch.float32 bytes:10240
passthrough_tensor:smear.gate shape:[512] dtype:torch.float16 bytes:1024
passthrough_tensor:tok_emb.weight shape:[1024, 512] dtype:torch.float16 bytes:1048576
Serialized model zstd-22: 15473495 bytes (payload:27578744 raw_torch:27638331 payload_ratio:3.83x)
Total submission size zstd-22: 15543985 bytes
Size check PASSED: 15543985 / 16,000,000 (97.1%)
phase:serialize wall_ms:43685 (quant+compress+save)
final_int8_zlib_roundtrip val_loss:1.9885 val_bpb:1.1777 eval_time:2257ms eval_seq_len:2048
final_int8_zlib_roundtrip_exact val_loss:1.98851961 val_bpb:1.17771332
quant_gap: 0.014231 BPB (pre:1.163482 post:1.177713)
phase:postquant_eval wall_ms:2510
ttt:rank0 short=2393 long=3857 epochs=3 batch=64
ttt:short_docs time=24589ms tokens=732712
ttt:batch 5/61 time=3331ms avg_loss=1.9356
ttt:batch 10/61 time=6666ms avg_loss=1.8809
ttt:batch 15/61 time=9987ms avg_loss=1.8416
ttt:batch 20/61 time=15669ms avg_loss=1.7813
ttt:batch 25/61 time=21358ms avg_loss=1.7434
ttt:batch 30/61 time=29814ms avg_loss=1.7009
ttt:batch 35/61 time=39377ms avg_loss=1.6674
ttt:batch 40/61 time=51173ms avg_loss=1.6369
ttt:batch 45/61 time=66307ms avg_loss=1.6109
ttt:batch 50/61 time=85820ms avg_loss=1.5921
ttt:batch 55/61 time=113679ms avg_loss=1.5763
ttt:batch 60/61 time=199587ms avg_loss=1.5935
ttt:long_docs time=232864ms docs=3857
final_ttt_lora val_loss:1.6097 val_bpb:0.9534 eval_time:358276ms lora_rank:8 chunk_size:256
final_ttt_lora_exact val_loss:1.60969756 val_bpb:0.95335350
ttt_gain: 0.224360 BPB gain over int8 (int8:1.177713 ttt:0.953354)
phase:ttt_eval wall_ms:358827
phase:TOTAL wall_ms:1018981 (17.0 min)
phase_breakdown: train:600073ms postprocess:see_above serialize:see_above eval:see_above ttt:see_above
