W0323 07:14:30.835000 3927 torch/distributed/run.py:766] 
W0323 07:14:30.835000 3927 torch/distributed/run.py:766] *****************************************
W0323 07:14:30.835000 3927 torch/distributed/run.py:766] Setting OMP_NUM_THREADS environment variable for each process to be 1 in default, to avoid your system being overloaded, please further tune the variable for optimal performance in your application as needed. 
W0323 07:14:30.835000 3927 torch/distributed/run.py:766] *****************************************
logs/proteus_v7h_2024.txt
val_bpb:enabled tokenizer_kind=sentencepiece tokenizer_path=/tmp/pgolf-repo/data/tokenizers/fineweb_1024_bpe.model
train_loader:dataset:fineweb10B_sp1024 train_shards:80 val_tokens:62021632
model_params:26829913 world_size:8 grad_accum_steps:1
attention_mode:gqa num_heads:8 num_kv_heads:4
tie_embeddings:True embed_lr:0.03 head_lr:0.0 matrix_lr:0.02 scalar_lr:0.02
train_batch_tokens:786432 train_seq_len:1024 iterations:20000 warmup_steps:20 max_wallclock_seconds:600.000
seed:2024 ema_enabled:True ema_decay:0.999 ema_every:10
ttt_lora_rank:8 ttt_lora_lr:0.01 ttt_chunk_size:256
warmup_step:1/20
warmup_step:2/20
warmup_step:3/20
warmup_step:4/20
warmup_step:5/20
warmup_step:6/20
warmup_step:7/20
warmup_step:8/20
warmup_step:9/20
warmup_step:10/20
warmup_step:11/20
warmup_step:12/20
warmup_step:13/20
warmup_step:14/20
warmup_step:15/20
warmup_step:16/20
warmup_step:17/20
warmup_step:18/20
warmup_step:19/20
warmup_step:20/20
step:1/20000 train_loss:6.931915 lr_scale:1.0000 muon_mom:0.9200 train_time:152ms step_avg:152.01ms this_step:152.0ms mem:20973MiB swa_n:0
step:2/20000 train_loss:8.074561 lr_scale:1.0000 muon_mom:0.9200 train_time:247ms step_avg:123.72ms this_step:95.4ms mem:20973MiB swa_n:0
step:3/20000 train_loss:7.472456 lr_scale:1.0000 muon_mom:0.9201 train_time:331ms step_avg:110.45ms this_step:83.9ms mem:20973MiB swa_n:0
step:4/20000 train_loss:7.005499 lr_scale:1.0000 muon_mom:0.9201 train_time:415ms step_avg:103.63ms this_step:83.2ms mem:20973MiB swa_n:0
step:5/20000 train_loss:6.872638 lr_scale:1.0000 muon_mom:0.9202 train_time:498ms step_avg:99.62ms this_step:83.6ms mem:20973MiB swa_n:0
step:6/20000 train_loss:6.880085 lr_scale:1.0000 muon_mom:0.9202 train_time:581ms step_avg:96.91ms this_step:83.4ms mem:20973MiB swa_n:0
step:7/20000 train_loss:6.744109 lr_scale:1.0000 muon_mom:0.9203 train_time:664ms step_avg:94.93ms this_step:83.0ms mem:20973MiB swa_n:0
step:8/20000 train_loss:6.627780 lr_scale:1.0000 muon_mom:0.9203 train_time:748ms step_avg:93.48ms this_step:83.3ms mem:20973MiB swa_n:0
step:9/20000 train_loss:6.407861 lr_scale:1.0000 muon_mom:0.9204 train_time:831ms step_avg:92.33ms this_step:83.1ms mem:20973MiB swa_n:0
step:10/20000 train_loss:6.121106 lr_scale:1.0000 muon_mom:0.9204 train_time:914ms step_avg:91.43ms this_step:83.4ms mem:20973MiB swa_n:0
step:50/20000 train_loss:3.966963 lr_scale:1.0000 muon_mom:0.9223 train_time:4276ms step_avg:85.52ms this_step:3361.5ms mem:20973MiB swa_n:0
step:100/20000 train_loss:3.243429 lr_scale:1.0000 muon_mom:0.9246 train_time:8482ms step_avg:84.82ms this_step:4205.8ms mem:20973MiB swa_n:0
step:150/20000 train_loss:2.936468 lr_scale:1.0000 muon_mom:0.9270 train_time:12744ms step_avg:84.96ms this_step:4262.1ms mem:20973MiB swa_n:0
step:200/20000 train_loss:2.457331 lr_scale:1.0000 muon_mom:0.9293 train_time:16954ms step_avg:84.77ms this_step:4209.9ms mem:20973MiB swa_n:0
step:250/20000 train_loss:2.553572 lr_scale:1.0000 muon_mom:0.9316 train_time:21162ms step_avg:84.65ms this_step:4207.9ms mem:20973MiB swa_n:0
step:300/20000 train_loss:2.623393 lr_scale:1.0000 muon_mom:0.9340 train_time:25428ms step_avg:84.76ms this_step:4266.8ms mem:20973MiB swa_n:0
step:350/20000 train_loss:2.596277 lr_scale:1.0000 muon_mom:0.9363 train_time:29640ms step_avg:84.68ms this_step:4211.2ms mem:20973MiB swa_n:0
step:400/20000 train_loss:2.481207 lr_scale:1.0000 muon_mom:0.9386 train_time:33911ms step_avg:84.78ms this_step:4270.9ms mem:20973MiB swa_n:0
step:450/20000 train_loss:2.432844 lr_scale:1.0000 muon_mom:0.9410 train_time:38121ms step_avg:84.71ms this_step:4210.6ms mem:20973MiB swa_n:0
step:500/20000 train_loss:2.452951 lr_scale:1.0000 muon_mom:0.9433 train_time:42329ms step_avg:84.66ms this_step:4208.3ms mem:20973MiB swa_n:0
step:550/20000 train_loss:2.396556 lr_scale:1.0000 muon_mom:0.9456 train_time:47032ms step_avg:85.51ms this_step:4702.2ms mem:20973MiB swa_n:0
step:600/20000 train_loss:2.381577 lr_scale:1.0000 muon_mom:0.9480 train_time:51241ms step_avg:85.40ms this_step:4209.5ms mem:20973MiB swa_n:0
step:650/20000 train_loss:2.375573 lr_scale:1.0000 muon_mom:0.9503 train_time:55502ms step_avg:85.39ms this_step:4260.7ms mem:20973MiB swa_n:0
step:700/20000 train_loss:2.395547 lr_scale:1.0000 muon_mom:0.9526 train_time:59709ms step_avg:85.30ms this_step:4207.1ms mem:20973MiB swa_n:0
step:750/20000 train_loss:2.369071 lr_scale:1.0000 muon_mom:0.9550 train_time:63919ms step_avg:85.23ms this_step:4210.5ms mem:20973MiB swa_n:0
step:800/20000 train_loss:2.286716 lr_scale:1.0000 muon_mom:0.9573 train_time:68183ms step_avg:85.23ms this_step:4263.9ms mem:20973MiB swa_n:0
step:850/20000 train_loss:2.280494 lr_scale:1.0000 muon_mom:0.9596 train_time:72390ms step_avg:85.16ms this_step:4206.9ms mem:20973MiB swa_n:0
step:900/20000 train_loss:2.177485 lr_scale:1.0000 muon_mom:0.9620 train_time:76640ms step_avg:85.16ms this_step:4250.2ms mem:20973MiB swa_n:0
step:950/20000 train_loss:2.262021 lr_scale:1.0000 muon_mom:0.9643 train_time:80850ms step_avg:85.10ms this_step:4209.3ms mem:20973MiB swa_n:0
step:1000/20000 train_loss:2.311325 lr_scale:1.0000 muon_mom:0.9666 train_time:85057ms step_avg:85.06ms this_step:4207.2ms mem:20973MiB swa_n:0
step:1050/20000 train_loss:2.272424 lr_scale:1.0000 muon_mom:0.9690 train_time:89312ms step_avg:85.06ms this_step:4255.1ms mem:20973MiB swa_n:0
step:1100/20000 train_loss:2.378489 lr_scale:1.0000 muon_mom:0.9713 train_time:93516ms step_avg:85.01ms this_step:4204.0ms mem:20973MiB swa_n:0
step:1150/20000 train_loss:2.285710 lr_scale:1.0000 muon_mom:0.9736 train_time:97774ms step_avg:85.02ms this_step:4258.1ms mem:20973MiB swa_n:0
step:1200/20000 train_loss:2.399592 lr_scale:1.0000 muon_mom:0.9760 train_time:101981ms step_avg:84.98ms this_step:4207.0ms mem:20973MiB swa_n:0
step:1250/20000 train_loss:2.295571 lr_scale:1.0000 muon_mom:0.9783 train_time:106186ms step_avg:84.95ms this_step:4204.6ms mem:20973MiB swa_n:0
step:1300/20000 train_loss:2.150084 lr_scale:1.0000 muon_mom:0.9806 train_time:110438ms step_avg:84.95ms this_step:4252.3ms mem:20973MiB swa_n:0
step:1350/20000 train_loss:2.291066 lr_scale:1.0000 muon_mom:0.9830 train_time:114639ms step_avg:84.92ms this_step:4201.0ms mem:20973MiB swa_n:0
step:1400/20000 train_loss:2.227125 lr_scale:1.0000 muon_mom:0.9853 train_time:118901ms step_avg:84.93ms this_step:4261.6ms mem:20973MiB swa_n:0
step:1450/20000 train_loss:2.164667 lr_scale:1.0000 muon_mom:0.9876 train_time:123107ms step_avg:84.90ms this_step:4206.9ms mem:20973MiB swa_n:0
step:1500/20000 train_loss:2.259453 lr_scale:1.0000 muon_mom:0.9900 train_time:127312ms step_avg:84.87ms this_step:4204.4ms mem:20973MiB swa_n:0
step:1550/20000 train_loss:2.227612 lr_scale:1.0000 muon_mom:0.9900 train_time:131570ms step_avg:84.88ms this_step:4258.4ms mem:20973MiB swa_n:0
step:1600/20000 train_loss:2.120253 lr_scale:1.0000 muon_mom:0.9900 train_time:135771ms step_avg:84.86ms this_step:4201.2ms mem:20973MiB swa_n:0
step:1650/20000 train_loss:2.237826 lr_scale:1.0000 muon_mom:0.9900 train_time:139969ms step_avg:84.83ms this_step:4197.6ms mem:20973MiB swa_n:0
step:1700/20000 train_loss:2.179925 lr_scale:1.0000 muon_mom:0.9900 train_time:144220ms step_avg:84.84ms this_step:4251.3ms mem:20973MiB swa_n:0
step:1750/20000 train_loss:2.243055 lr_scale:1.0000 muon_mom:0.9900 train_time:148419ms step_avg:84.81ms this_step:4199.1ms mem:20973MiB swa_n:0
step:1800/20000 train_loss:2.232142 lr_scale:1.0000 muon_mom:0.9900 train_time:152682ms step_avg:84.82ms this_step:4262.5ms mem:20973MiB swa_n:0
step:1850/20000 train_loss:2.076382 lr_scale:1.0000 muon_mom:0.9900 train_time:156885ms step_avg:84.80ms this_step:4203.0ms mem:20973MiB swa_n:0
step:1900/20000 train_loss:2.175377 lr_scale:1.0000 muon_mom:0.9900 train_time:161085ms step_avg:84.78ms this_step:4200.4ms mem:20973MiB swa_n:0
step:1950/20000 train_loss:2.062757 lr_scale:1.0000 muon_mom:0.9900 train_time:165337ms step_avg:84.79ms this_step:4251.9ms mem:20973MiB swa_n:0
step:2000/20000 train_loss:2.112989 lr_scale:1.0000 muon_mom:0.9900 train_time:169535ms step_avg:84.77ms this_step:4197.4ms mem:20973MiB swa_n:0
step:2050/20000 train_loss:2.155226 lr_scale:1.0000 muon_mom:0.9900 train_time:173793ms step_avg:84.78ms this_step:4258.8ms mem:20973MiB swa_n:0
step:2100/20000 train_loss:2.081304 lr_scale:1.0000 muon_mom:0.9900 train_time:177991ms step_avg:84.76ms this_step:4197.2ms mem:20973MiB swa_n:0
step:2150/20000 train_loss:2.187828 lr_scale:1.0000 muon_mom:0.9900 train_time:182193ms step_avg:84.74ms this_step:4202.5ms mem:20973MiB swa_n:0
step:2200/20000 train_loss:2.241481 lr_scale:1.0000 muon_mom:0.9900 train_time:186446ms step_avg:84.75ms this_step:4252.6ms mem:20973MiB swa_n:0
step:2250/20000 train_loss:2.218782 lr_scale:1.0000 muon_mom:0.9900 train_time:190646ms step_avg:84.73ms this_step:4200.2ms mem:20973MiB swa_n:0
step:2300/20000 train_loss:2.151189 lr_scale:1.0000 muon_mom:0.9900 train_time:194905ms step_avg:84.74ms this_step:4258.5ms mem:20973MiB swa_n:0
step:2350/20000 train_loss:2.211931 lr_scale:1.0000 muon_mom:0.9900 train_time:199122ms step_avg:84.73ms this_step:4217.8ms mem:20973MiB swa_n:0
step:2400/20000 train_loss:2.113404 lr_scale:1.0000 muon_mom:0.9900 train_time:203330ms step_avg:84.72ms this_step:4208.1ms mem:20973MiB swa_n:0
step:2450/20000 train_loss:2.123655 lr_scale:1.0000 muon_mom:0.9900 train_time:207582ms step_avg:84.73ms this_step:4251.8ms mem:20973MiB swa_n:0
step:2500/20000 train_loss:2.209236 lr_scale:1.0000 muon_mom:0.9900 train_time:211784ms step_avg:84.71ms this_step:4201.5ms mem:20973MiB swa_n:0
step:2550/20000 train_loss:2.239435 lr_scale:1.0000 muon_mom:0.9900 train_time:216040ms step_avg:84.72ms this_step:4255.8ms mem:20973MiB swa_n:0
step:2600/20000 train_loss:2.143915 lr_scale:1.0000 muon_mom:0.9900 train_time:220242ms step_avg:84.71ms this_step:4202.0ms mem:20973MiB swa_n:0
step:2650/20000 train_loss:2.117582 lr_scale:1.0000 muon_mom:0.9900 train_time:224522ms step_avg:84.73ms this_step:4280.5ms mem:20973MiB swa_n:0
step:2700/20000 train_loss:2.135174 lr_scale:1.0000 muon_mom:0.9900 train_time:228786ms step_avg:84.74ms this_step:4263.8ms mem:20973MiB swa_n:0
step:2750/20000 train_loss:2.075391 lr_scale:1.0000 muon_mom:0.9900 train_time:232984ms step_avg:84.72ms this_step:4198.5ms mem:20973MiB swa_n:0
step:2800/20000 train_loss:2.190981 lr_scale:1.0000 muon_mom:0.9900 train_time:237237ms step_avg:84.73ms this_step:4252.9ms mem:20973MiB swa_n:0
step:2850/20000 train_loss:2.103116 lr_scale:1.0000 muon_mom:0.9900 train_time:241433ms step_avg:84.71ms this_step:4196.1ms mem:20973MiB swa_n:0
step:2900/20000 train_loss:2.071005 lr_scale:1.0000 muon_mom:0.9900 train_time:245633ms step_avg:84.70ms this_step:4199.8ms mem:20973MiB swa_n:0
step:2950/20000 train_loss:2.117029 lr_scale:1.0000 muon_mom:0.9900 train_time:249893ms step_avg:84.71ms this_step:4259.7ms mem:20973MiB swa_n:0
step:3000/20000 train_loss:2.197944 lr_scale:1.0000 muon_mom:0.9900 train_time:254098ms step_avg:84.70ms this_step:4204.8ms mem:20973MiB swa_n:0
step:3050/20000 train_loss:2.079514 lr_scale:1.0000 muon_mom:0.9900 train_time:258294ms step_avg:84.69ms this_step:4196.0ms mem:20973MiB swa_n:0
step:3100/20000 train_loss:2.082903 lr_scale:1.0000 muon_mom:0.9900 train_time:262546ms step_avg:84.69ms this_step:4252.1ms mem:20973MiB swa_n:0
step:3150/20000 train_loss:2.008512 lr_scale:1.0000 muon_mom:0.9900 train_time:266747ms step_avg:84.68ms this_step:4201.1ms mem:20973MiB swa_n:0
step:3200/20000 train_loss:2.212648 lr_scale:1.0000 muon_mom:0.9900 train_time:270998ms step_avg:84.69ms this_step:4251.2ms mem:20973MiB swa_n:0
step:3250/20000 train_loss:2.089231 lr_scale:1.0000 muon_mom:0.9900 train_time:275192ms step_avg:84.67ms this_step:4194.3ms mem:20973MiB swa_n:0
step:3300/20000 train_loss:2.115645 lr_scale:1.0000 muon_mom:0.9900 train_time:279393ms step_avg:84.66ms this_step:4200.5ms mem:20973MiB swa_n:0
step:3350/20000 train_loss:2.134985 lr_scale:1.0000 muon_mom:0.9900 train_time:283643ms step_avg:84.67ms this_step:4250.1ms mem:20973MiB swa_n:0
step:3400/20000 train_loss:2.068212 lr_scale:1.0000 muon_mom:0.9900 train_time:287846ms step_avg:84.66ms this_step:4203.4ms mem:20973MiB swa_n:0
step:3450/20000 train_loss:2.152034 lr_scale:1.0000 muon_mom:0.9900 train_time:292100ms step_avg:84.67ms this_step:4254.0ms mem:20973MiB swa_n:0
step:3500/20000 train_loss:2.220566 lr_scale:1.0000 muon_mom:0.9900 train_time:296299ms step_avg:84.66ms this_step:4198.9ms mem:20973MiB swa_n:0
step:3550/20000 train_loss:1.968104 lr_scale:1.0000 muon_mom:0.9900 train_time:300501ms step_avg:84.65ms this_step:4201.5ms mem:20973MiB swa_n:0
step:3600/20000 train_loss:2.138769 lr_scale:1.0000 muon_mom:0.9900 train_time:304754ms step_avg:84.65ms this_step:4253.2ms mem:20973MiB swa_n:0
step:3650/20000 train_loss:2.026712 lr_scale:1.0000 muon_mom:0.9900 train_time:308950ms step_avg:84.64ms this_step:4196.3ms mem:20973MiB swa_n:0
step:3700/20000 train_loss:2.133352 lr_scale:1.0000 muon_mom:0.9900 train_time:313210ms step_avg:84.65ms this_step:4259.5ms mem:20973MiB swa_n:0
step:3750/20000 train_loss:1.964888 lr_scale:1.0000 muon_mom:0.9900 train_time:317410ms step_avg:84.64ms this_step:4200.2ms mem:20973MiB swa_n:0
step:3800/20000 train_loss:2.120112 lr_scale:1.0000 muon_mom:0.9900 train_time:321609ms step_avg:84.63ms this_step:4198.8ms mem:20973MiB swa_n:0
step:3850/20000 train_loss:2.133557 lr_scale:1.0000 muon_mom:0.9900 train_time:325861ms step_avg:84.64ms this_step:4252.0ms mem:20973MiB swa_n:0
step:3900/20000 train_loss:2.121174 lr_scale:1.0000 muon_mom:0.9900 train_time:330060ms step_avg:84.63ms this_step:4199.3ms mem:20973MiB swa_n:0
step:3950/20000 train_loss:2.219631 lr_scale:1.0000 muon_mom:0.9900 train_time:334315ms step_avg:84.64ms this_step:4255.2ms mem:20973MiB swa_n:0
step:4000/20000 train_loss:2.022180 lr_scale:1.0000 muon_mom:0.9900 train_time:338515ms step_avg:84.63ms this_step:4199.6ms mem:20973MiB swa_n:0
step:4050/20000 train_loss:2.137092 lr_scale:1.0000 muon_mom:0.9900 train_time:342712ms step_avg:84.62ms this_step:4197.1ms mem:20973MiB swa_n:0
step:4100/20000 train_loss:2.082595 lr_scale:0.9968 muon_mom:0.9900 train_time:346971ms step_avg:84.63ms this_step:4259.1ms mem:20973MiB swa_n:0
step:4150/20000 train_loss:2.161957 lr_scale:0.9804 muon_mom:0.9900 train_time:351170ms step_avg:84.62ms this_step:4198.6ms mem:20973MiB swa_n:0
step:4200/20000 train_loss:2.209945 lr_scale:0.9635 muon_mom:0.9900 train_time:355429ms step_avg:84.63ms this_step:4259.4ms mem:20973MiB swa_n:0
step:4250/20000 train_loss:2.161787 lr_scale:0.9471 muon_mom:0.9900 train_time:359629ms step_avg:84.62ms this_step:4199.7ms mem:20973MiB swa_n:0
step:4300/20000 train_loss:2.105472 lr_scale:0.9307 muon_mom:0.9900 train_time:363825ms step_avg:84.61ms this_step:4196.4ms mem:20973MiB swa_n:0
step:4350/20000 train_loss:2.123048 lr_scale:0.9139 muon_mom:0.9900 train_time:368076ms step_avg:84.62ms this_step:4250.9ms mem:20973MiB swa_n:0
step:4400/20000 train_loss:2.089387 lr_scale:0.8974 muon_mom:0.9900 train_time:372274ms step_avg:84.61ms this_step:4198.1ms mem:20973MiB swa_n:0
step:4450/20000 train_loss:2.092593 lr_scale:0.8809 muon_mom:0.9900 train_time:376474ms step_avg:84.60ms this_step:4199.5ms mem:20973MiB swa_n:0
step:4500/20000 train_loss:2.168007 lr_scale:0.8641 muon_mom:0.9900 train_time:380735ms step_avg:84.61ms this_step:4261.8ms mem:20973MiB swa_n:0
step:4550/20000 train_loss:2.170694 lr_scale:0.8476 muon_mom:0.9900 train_time:384934ms step_avg:84.60ms this_step:4198.7ms mem:20973MiB swa_n:0
step:4600/20000 train_loss:1.911184 lr_scale:0.8308 muon_mom:0.9900 train_time:389183ms step_avg:84.61ms this_step:4249.4ms mem:20973MiB swa_n:0
step:4650/20000 train_loss:2.103929 lr_scale:0.8143 muon_mom:0.9900 train_time:393385ms step_avg:84.60ms this_step:4201.6ms mem:20973MiB swa_n:0
step:4700/20000 train_loss:2.297656 lr_scale:0.7978 muon_mom:0.9900 train_time:397585ms step_avg:84.59ms this_step:4199.8ms mem:20973MiB swa_n:0
step:4750/20000 train_loss:2.068575 lr_scale:0.7810 muon_mom:0.9900 train_time:401838ms step_avg:84.60ms this_step:4253.1ms mem:20973MiB swa_n:0
step:4800/20000 train_loss:2.517284 lr_scale:0.7645 muon_mom:0.9900 train_time:406036ms step_avg:84.59ms this_step:4197.6ms mem:20973MiB swa_n:0
step:4850/20000 train_loss:2.159300 lr_scale:0.7478 muon_mom:0.9900 train_time:410288ms step_avg:84.60ms this_step:4252.2ms mem:20973MiB swa_n:0
step:4900/20000 train_loss:2.107552 lr_scale:0.7313 muon_mom:0.9900 train_time:414483ms step_avg:84.59ms this_step:4195.4ms mem:20973MiB swa_n:0
step:4950/20000 train_loss:2.153131 lr_scale:0.7148 muon_mom:0.9900 train_time:418678ms step_avg:84.58ms this_step:4194.8ms mem:20973MiB swa_n:0
step:5000/20000 train_loss:2.162614 lr_scale:0.6980 muon_mom:0.9900 train_time:422935ms step_avg:84.59ms this_step:4256.7ms mem:20973MiB swa_n:0
step:5050/20000 train_loss:2.142071 lr_scale:0.6815 muon_mom:0.9900 train_time:427129ms step_avg:84.58ms this_step:4194.6ms mem:20973MiB swa_n:0
step:5100/20000 train_loss:2.165367 lr_scale:0.6647 muon_mom:0.9900 train_time:431384ms step_avg:84.59ms this_step:4254.7ms mem:20973MiB swa_n:0
step:5150/20000 train_loss:2.080699 lr_scale:0.6482 muon_mom:0.9900 train_time:435579ms step_avg:84.58ms this_step:4194.6ms mem:20973MiB swa_n:0
step:5200/20000 train_loss:2.090778 lr_scale:0.6317 muon_mom:0.9900 train_time:439778ms step_avg:84.57ms this_step:4199.1ms mem:20973MiB swa_n:0
step:5250/20000 train_loss:2.110876 lr_scale:0.6149 muon_mom:0.9900 train_time:444034ms step_avg:84.58ms this_step:4255.8ms mem:20973MiB swa_n:0
step:5300/20000 train_loss:2.060956 lr_scale:0.5984 muon_mom:0.9900 train_time:448233ms step_avg:84.57ms this_step:4199.6ms mem:20973MiB swa_n:0
step:5350/20000 train_loss:1.975625 lr_scale:0.5816 muon_mom:0.9900 train_time:452485ms step_avg:84.58ms this_step:4252.2ms mem:20973MiB swa_n:0
step:5400/20000 train_loss:2.097098 lr_scale:0.5651 muon_mom:0.9900 train_time:456685ms step_avg:84.57ms this_step:4199.7ms mem:20973MiB swa_n:0
step:5450/20000 train_loss:2.118065 lr_scale:0.5486 muon_mom:0.9900 train_time:460879ms step_avg:84.57ms this_step:4194.3ms mem:20973MiB swa_n:0
step:5500/20000 train_loss:2.065264 lr_scale:0.5318 muon_mom:0.9900 train_time:465136ms step_avg:84.57ms this_step:4257.0ms mem:20973MiB swa_n:0
step:5550/20000 train_loss:2.059505 lr_scale:0.5153 muon_mom:0.9900 train_time:469336ms step_avg:84.57ms this_step:4199.8ms mem:20973MiB swa_n:0
step:5600/20000 train_loss:2.017313 lr_scale:0.4985 muon_mom:0.9900 train_time:473587ms step_avg:84.57ms this_step:4251.2ms mem:20973MiB swa_n:0
step:5650/20000 train_loss:2.099833 lr_scale:0.4820 muon_mom:0.9900 train_time:477788ms step_avg:84.56ms this_step:4201.1ms mem:20973MiB swa_n:0
step:5700/20000 train_loss:2.062823 lr_scale:0.4655 muon_mom:0.9900 train_time:481986ms step_avg:84.56ms this_step:4197.3ms mem:20973MiB swa_n:0
step:5750/20000 train_loss:2.142009 lr_scale:0.4486 muon_mom:0.9900 train_time:486244ms step_avg:84.56ms this_step:4258.1ms mem:20973MiB swa_n:0
step:5800/20000 train_loss:2.055225 lr_scale:0.4321 muon_mom:0.9900 train_time:490442ms step_avg:84.56ms this_step:4198.0ms mem:20973MiB swa_n:0
step:5850/20000 train_loss:2.177128 lr_scale:0.4156 muon_mom:0.9900 train_time:494701ms step_avg:84.56ms this_step:4258.9ms mem:20973MiB swa_n:0
step:5900/20000 train_loss:1.955697 lr_scale:0.3988 muon_mom:0.9900 train_time:498898ms step_avg:84.56ms this_step:4196.9ms mem:20973MiB swa_n:0
step:5950/20000 train_loss:2.008169 lr_scale:0.3823 muon_mom:0.9900 train_time:503100ms step_avg:84.55ms this_step:4202.0ms mem:20973MiB swa_n:0
step:6000/20000 train_loss:1.995975 lr_scale:0.3655 muon_mom:0.9900 train_time:507355ms step_avg:84.56ms this_step:4254.7ms mem:20973MiB swa_n:0
step:6050/20000 train_loss:2.015160 lr_scale:0.3489 muon_mom:0.9900 train_time:511556ms step_avg:84.55ms this_step:4201.8ms mem:20973MiB swa_n:0
step:6100/20000 train_loss:1.975169 lr_scale:0.3324 muon_mom:0.9900 train_time:515755ms step_avg:84.55ms this_step:4199.1ms mem:20973MiB swa_n:0
step:6150/20000 train_loss:2.073936 lr_scale:0.3156 muon_mom:0.9900 train_time:520011ms step_avg:84.55ms this_step:4255.6ms mem:20973MiB swa_n:0
step:6200/20000 train_loss:2.008520 lr_scale:0.2990 muon_mom:0.9900 train_time:524211ms step_avg:84.55ms this_step:4199.7ms mem:20973MiB swa_n:0
step:6250/20000 train_loss:2.124215 lr_scale:0.2822 muon_mom:0.9900 train_time:528468ms step_avg:84.55ms this_step:4257.6ms mem:20973MiB swa_n:0
step:6300/20000 train_loss:1.994912 lr_scale:0.2657 muon_mom:0.9900 train_time:532668ms step_avg:84.55ms this_step:4199.8ms mem:20973MiB swa_n:0
step:6350/20000 train_loss:2.086467 lr_scale:0.2492 muon_mom:0.9900 train_time:536866ms step_avg:84.55ms this_step:4198.0ms mem:20973MiB swa_n:0
step:6400/20000 train_loss:2.049061 lr_scale:0.2324 muon_mom:0.9900 train_time:541122ms step_avg:84.55ms this_step:4255.7ms mem:20973MiB swa_n:0
step:6450/20000 train_loss:2.126557 lr_scale:0.2158 muon_mom:0.9900 train_time:545319ms step_avg:84.55ms this_step:4197.5ms mem:20973MiB swa_n:0
step:6500/20000 train_loss:2.124938 lr_scale:0.1990 muon_mom:0.9900 train_time:549575ms step_avg:84.55ms this_step:4256.0ms mem:20973MiB swa_n:0
swa:start step=6500
step:6550/20000 train_loss:2.092444 lr_scale:0.1822 muon_mom:0.9900 train_time:553851ms step_avg:84.56ms this_step:4275.3ms mem:20973MiB swa_n:1
step:6600/20000 train_loss:1.904662 lr_scale:0.1655 muon_mom:0.9900 train_time:558072ms step_avg:84.56ms this_step:4221.6ms mem:20973MiB swa_n:2
step:6650/20000 train_loss:1.863357 lr_scale:0.1487 muon_mom:0.9900 train_time:562350ms step_avg:84.56ms this_step:4277.9ms mem:20973MiB swa_n:3
step:6700/20000 train_loss:1.990547 lr_scale:0.1320 muon_mom:0.9900 train_time:566570ms step_avg:84.56ms this_step:4219.9ms mem:20973MiB swa_n:4
step:6750/20000 train_loss:2.137381 lr_scale:0.1151 muon_mom:0.9900 train_time:570853ms step_avg:84.57ms this_step:4282.4ms mem:20973MiB swa_n:5
step:6800/20000 train_loss:2.062245 lr_scale:0.0984 muon_mom:0.9900 train_time:575092ms step_avg:84.57ms this_step:4239.8ms mem:20973MiB swa_n:6
step:6850/20000 train_loss:1.876900 lr_scale:0.0817 muon_mom:0.9900 train_time:579331ms step_avg:84.57ms this_step:4238.2ms mem:20973MiB swa_n:7
step:6900/20000 train_loss:1.879352 lr_scale:0.0648 muon_mom:0.9900 train_time:583626ms step_avg:84.58ms this_step:4295.5ms mem:20973MiB swa_n:8
step:6950/20000 train_loss:2.006220 lr_scale:0.0481 muon_mom:0.9900 train_time:587858ms step_avg:84.58ms this_step:4231.9ms mem:20973MiB swa_n:9
step:7000/20000 train_loss:1.849657 lr_scale:0.0311 muon_mom:0.9900 train_time:592167ms step_avg:84.60ms this_step:4308.8ms mem:20973MiB swa_n:10
step:7050/20000 train_loss:1.924394 lr_scale:0.0144 muon_mom:0.9900 train_time:596407ms step_avg:84.60ms this_step:4240.4ms mem:20973MiB swa_n:11
step:7093/20000 val_loss:1.9765 val_bpb:1.1706 train_time:600078ms step_avg:84.60ms
stopping_early: wallclock_cap train_time:600078ms step:7093/20000
peak memory allocated: 20973 MiB reserved: 21086 MiB
phase:train wall_ms:638424 steps:7093 step_avg:84.60ms
swa:applying averaged 12 checkpoints
pruning: zeroed 795,567 weights (3.0%) below 0.003472
phase:postprocess wall_ms:261 (swa+ema+pruning)
pre_quant_eval val_loss:1.9632 val_bpb:1.1627 eval_time:49221ms
pre_quant_eval_exact val_loss:1.96322439 val_bpb:1.16273206
Serialized model: 105792597 bytes
Code size: 70490 bytes
Total submission size: 105863087 bytes
quant_tensor:bigram.embed.weight shape:[2048, 128] bits:6 scale_range:[0.032257,0.032257]
quant_tensor:blocks.0.attn.c_k.weight shape:[256, 512] bits:6 scale_range:[0.032257,0.068665]
quant_tensor:blocks.0.attn.c_q.weight shape:[512, 512] bits:6 scale_range:[0.032257,0.034363]
quant_tensor:blocks.0.attn.c_v.weight shape:[256, 512] bits:6 scale_range:[0.032257,0.032257]
quant_tensor:blocks.0.attn.proj.weight shape:[512, 512] bits:6 scale_range:[0.032257,0.032257]
quant_tensor:blocks.0.mlp.fc.weight shape:[1536, 512] bits:6 scale_range:[0.032257,0.042755]
quant_tensor:blocks.0.mlp.proj.weight shape:[512, 1536] bits:6 scale_range:[0.032257,0.032257]
quant_tensor:blocks.1.attn.c_k.weight shape:[256, 512] bits:6 scale_range:[0.032257,0.111755]
quant_tensor:blocks.1.attn.c_q.weight shape:[512, 512] bits:6 scale_range:[0.032257,0.047760]
quant_tensor:blocks.1.attn.c_v.weight shape:[256, 512] bits:6 scale_range:[0.032257,0.032257]
quant_tensor:blocks.1.attn.proj.weight shape:[512, 512] bits:6 scale_range:[0.032257,0.032257]
quant_tensor:blocks.1.mlp.fc.weight shape:[1536, 512] bits:6 scale_range:[0.032257,0.047791]
quant_tensor:blocks.1.mlp.proj.weight shape:[512, 1536] bits:6 scale_range:[0.032257,0.079956]
quant_tensor:blocks.10.attn.c_k.weight shape:[256, 512] bits:6 scale_range:[0.032257,0.042725]
quant_tensor:blocks.10.attn.c_q.weight shape:[512, 512] bits:6 scale_range:[0.032257,0.032257]
quant_tensor:blocks.10.attn.c_v.weight shape:[256, 512] bits:6 scale_range:[0.032257,0.033234]
quant_tensor:blocks.10.attn.proj.weight shape:[512, 512] bits:6 scale_range:[0.032257,0.032257]
quant_tensor:blocks.10.mlp.fc.weight shape:[1536, 512] bits:6 scale_range:[0.032257,0.069153]
quant_tensor:blocks.10.mlp.proj.weight shape:[512, 1536] bits:6 scale_range:[0.032257,0.078430]
quant_tensor:blocks.2.attn.c_k.weight shape:[256, 512] bits:6 scale_range:[0.032257,0.038818]
quant_tensor:blocks.2.attn.c_q.weight shape:[512, 512] bits:6 scale_range:[0.032257,0.035522]
quant_tensor:blocks.2.attn.c_v.weight shape:[256, 512] bits:6 scale_range:[0.032257,0.032257]
quant_tensor:blocks.2.attn.proj.weight shape:[512, 512] bits:6 scale_range:[0.032257,0.032257]
quant_tensor:blocks.2.mlp.fc.weight shape:[1536, 512] bits:6 scale_range:[0.032257,0.039032]
quant_tensor:blocks.2.mlp.proj.weight shape:[512, 1536] bits:6 scale_range:[0.032257,0.032257]
quant_tensor:blocks.3.attn.c_k.weight shape:[256, 512] bits:6 scale_range:[0.032257,0.034607]
quant_tensor:blocks.3.attn.c_q.weight shape:[512, 512] bits:6 scale_range:[0.032257,0.032257]
quant_tensor:blocks.3.attn.c_v.weight shape:[256, 512] bits:6 scale_range:[0.032257,0.032257]
quant_tensor:blocks.3.attn.proj.weight shape:[512, 512] bits:6 scale_range:[0.032257,0.032257]
quant_tensor:blocks.3.mlp.fc.weight shape:[1536, 512] bits:6 scale_range:[0.032257,0.155762]
quant_tensor:blocks.3.mlp.proj.weight shape:[512, 1536] bits:6 scale_range:[0.032257,0.093323]
quant_tensor:blocks.4.attn.c_k.weight shape:[256, 512] bits:6 scale_range:[0.032257,0.039337]
quant_tensor:blocks.4.attn.c_q.weight shape:[512, 512] bits:6 scale_range:[0.032257,0.038940]
quant_tensor:blocks.4.attn.c_v.weight shape:[256, 512] bits:6 scale_range:[0.032257,0.032959]
quant_tensor:blocks.4.attn.proj.weight shape:[512, 512] bits:6 scale_range:[0.032257,0.032257]
quant_tensor:blocks.4.mlp.fc.weight shape:[1536, 512] bits:6 scale_range:[0.032257,0.036041]
quant_tensor:blocks.4.mlp.proj.weight shape:[512, 1536] bits:6 scale_range:[0.032257,0.032257]
quant_tensor:blocks.5.attn.c_k.weight shape:[256, 512] bits:6 scale_range:[0.032257,0.040924]
quant_tensor:blocks.5.attn.c_q.weight shape:[512, 512] bits:6 scale_range:[0.032257,0.032257]
quant_tensor:blocks.5.attn.c_v.weight shape:[256, 512] bits:6 scale_range:[0.032257,0.032257]
quant_tensor:blocks.5.attn.proj.weight shape:[512, 512] bits:6 scale_range:[0.032257,0.033875]
quant_tensor:blocks.5.mlp.fc.weight shape:[1536, 512] bits:6 scale_range:[0.032257,0.036011]
quant_tensor:blocks.5.mlp.proj.weight shape:[512, 1536] bits:6 scale_range:[0.032257,0.032257]
quant_tensor:blocks.6.attn.c_k.weight shape:[256, 512] bits:6 scale_range:[0.032257,0.044495]
quant_tensor:blocks.6.attn.c_q.weight shape:[512, 512] bits:6 scale_range:[0.032257,0.032257]
quant_tensor:blocks.6.attn.c_v.weight shape:[256, 512] bits:6 scale_range:[0.032257,0.034943]
quant_tensor:blocks.6.attn.proj.weight shape:[512, 512] bits:6 scale_range:[0.032257,0.033783]
quant_tensor:blocks.6.mlp.fc.weight shape:[1536, 512] bits:6 scale_range:[0.032257,0.038025]
quant_tensor:blocks.6.mlp.proj.weight shape:[512, 1536] bits:6 scale_range:[0.032257,0.032257]
quant_tensor:blocks.7.attn.c_k.weight shape:[256, 512] bits:6 scale_range:[0.032257,0.032257]
quant_tensor:blocks.7.attn.c_q.weight shape:[512, 512] bits:6 scale_range:[0.032257,0.032257]
quant_tensor:blocks.7.attn.c_v.weight shape:[256, 512] bits:6 scale_range:[0.032257,0.042114]
quant_tensor:blocks.7.attn.proj.weight shape:[512, 512] bits:6 scale_range:[0.032257,0.032257]
quant_tensor:blocks.7.mlp.fc.weight shape:[1536, 512] bits:6 scale_range:[0.032257,0.032745]
quant_tensor:blocks.7.mlp.proj.weight shape:[512, 1536] bits:6 scale_range:[0.032257,0.032257]
quant_tensor:blocks.8.attn.c_k.weight shape:[256, 512] bits:6 scale_range:[0.032257,0.045807]
quant_tensor:blocks.8.attn.c_q.weight shape:[512, 512] bits:6 scale_range:[0.032257,0.032257]
quant_tensor:blocks.8.attn.c_v.weight shape:[256, 512] bits:6 scale_range:[0.032257,0.034424]
quant_tensor:blocks.8.attn.proj.weight shape:[512, 512] bits:6 scale_range:[0.032257,0.032257]
quant_tensor:blocks.8.mlp.fc.weight shape:[1536, 512] bits:6 scale_range:[0.032257,0.039001]
quant_tensor:blocks.8.mlp.proj.weight shape:[512, 1536] bits:6 scale_range:[0.032257,0.032257]
quant_tensor:blocks.9.attn.c_k.weight shape:[256, 512] bits:6 scale_range:[0.032257,0.042542]
quant_tensor:blocks.9.attn.c_q.weight shape:[512, 512] bits:6 scale_range:[0.032257,0.036011]
quant_tensor:blocks.9.attn.c_v.weight shape:[256, 512] bits:6 scale_range:[0.032257,0.040131]
quant_tensor:blocks.9.attn.proj.weight shape:[512, 512] bits:6 scale_range:[0.032257,0.032257]
quant_tensor:blocks.9.mlp.fc.weight shape:[1536, 512] bits:6 scale_range:[0.032257,0.037933]
quant_tensor:blocks.9.mlp.proj.weight shape:[512, 1536] bits:6 scale_range:[0.032257,0.032257]
passthrough_tensor:bigram.proj.weight shape:[512, 128] dtype:torch.float16 bytes:131072
passthrough_tensor:bigram.scale shape:[] dtype:torch.float16 bytes:2
passthrough_tensor:blocks.0.attn.q_gain shape:[8] dtype:torch.float32 bytes:32
passthrough_tensor:blocks.0.attn_scale shape:[512] dtype:torch.float32 bytes:2048
passthrough_tensor:blocks.0.depth_scale shape:[] dtype:torch.float16 bytes:2
passthrough_tensor:blocks.0.mlp_scale shape:[512] dtype:torch.float32 bytes:2048
passthrough_tensor:blocks.0.resid_mix shape:[2, 512] dtype:torch.float32 bytes:4096
passthrough_tensor:blocks.1.attn.q_gain shape:[8] dtype:torch.float32 bytes:32
passthrough_tensor:blocks.1.attn_scale shape:[512] dtype:torch.float32 bytes:2048
passthrough_tensor:blocks.1.depth_scale shape:[] dtype:torch.float16 bytes:2
passthrough_tensor:blocks.1.mlp_scale shape:[512] dtype:torch.float32 bytes:2048
passthrough_tensor:blocks.1.resid_mix shape:[2, 512] dtype:torch.float32 bytes:4096
passthrough_tensor:blocks.10.attn.q_gain shape:[8] dtype:torch.float32 bytes:32
passthrough_tensor:blocks.10.attn_scale shape:[512] dtype:torch.float32 bytes:2048
passthrough_tensor:blocks.10.depth_scale shape:[] dtype:torch.float16 bytes:2
passthrough_tensor:blocks.10.mlp_scale shape:[512] dtype:torch.float32 bytes:2048
passthrough_tensor:blocks.10.resid_mix shape:[2, 512] dtype:torch.float32 bytes:4096
passthrough_tensor:blocks.2.attn.q_gain shape:[8] dtype:torch.float32 bytes:32
passthrough_tensor:blocks.2.attn_scale shape:[512] dtype:torch.float32 bytes:2048
passthrough_tensor:blocks.2.depth_scale shape:[] dtype:torch.float16 bytes:2
passthrough_tensor:blocks.2.mlp_scale shape:[512] dtype:torch.float32 bytes:2048
passthrough_tensor:blocks.2.resid_mix shape:[2, 512] dtype:torch.float32 bytes:4096
passthrough_tensor:blocks.3.attn.q_gain shape:[8] dtype:torch.float32 bytes:32
passthrough_tensor:blocks.3.attn_scale shape:[512] dtype:torch.float32 bytes:2048
passthrough_tensor:blocks.3.depth_scale shape:[] dtype:torch.float16 bytes:2
passthrough_tensor:blocks.3.mlp_scale shape:[512] dtype:torch.float32 bytes:2048
passthrough_tensor:blocks.3.resid_mix shape:[2, 512] dtype:torch.float32 bytes:4096
passthrough_tensor:blocks.4.attn.q_gain shape:[8] dtype:torch.float32 bytes:32
passthrough_tensor:blocks.4.attn_scale shape:[512] dtype:torch.float32 bytes:2048
passthrough_tensor:blocks.4.depth_scale shape:[] dtype:torch.float16 bytes:2
passthrough_tensor:blocks.4.mlp_scale shape:[512] dtype:torch.float32 bytes:2048
passthrough_tensor:blocks.4.resid_mix shape:[2, 512] dtype:torch.float32 bytes:4096
passthrough_tensor:blocks.5.attn.q_gain shape:[8] dtype:torch.float32 bytes:32
passthrough_tensor:blocks.5.attn_scale shape:[512] dtype:torch.float32 bytes:2048
passthrough_tensor:blocks.5.depth_scale shape:[] dtype:torch.float16 bytes:2
passthrough_tensor:blocks.5.mlp_scale shape:[512] dtype:torch.float32 bytes:2048
passthrough_tensor:blocks.5.resid_mix shape:[2, 512] dtype:torch.float32 bytes:4096
passthrough_tensor:blocks.6.attn.q_gain shape:[8] dtype:torch.float32 bytes:32
passthrough_tensor:blocks.6.attn_scale shape:[512] dtype:torch.float32 bytes:2048
passthrough_tensor:blocks.6.depth_scale shape:[] dtype:torch.float16 bytes:2
passthrough_tensor:blocks.6.mlp_scale shape:[512] dtype:torch.float32 bytes:2048
passthrough_tensor:blocks.6.resid_mix shape:[2, 512] dtype:torch.float32 bytes:4096
passthrough_tensor:blocks.7.attn.q_gain shape:[8] dtype:torch.float32 bytes:32
passthrough_tensor:blocks.7.attn_scale shape:[512] dtype:torch.float32 bytes:2048
passthrough_tensor:blocks.7.depth_scale shape:[] dtype:torch.float16 bytes:2
passthrough_tensor:blocks.7.mlp_scale shape:[512] dtype:torch.float32 bytes:2048
passthrough_tensor:blocks.7.resid_mix shape:[2, 512] dtype:torch.float32 bytes:4096
passthrough_tensor:blocks.8.attn.q_gain shape:[8] dtype:torch.float32 bytes:32
passthrough_tensor:blocks.8.attn_scale shape:[512] dtype:torch.float32 bytes:2048
passthrough_tensor:blocks.8.depth_scale shape:[] dtype:torch.float16 bytes:2
passthrough_tensor:blocks.8.mlp_scale shape:[512] dtype:torch.float32 bytes:2048
passthrough_tensor:blocks.8.resid_mix shape:[2, 512] dtype:torch.float32 bytes:4096
passthrough_tensor:blocks.9.attn.q_gain shape:[8] dtype:torch.float32 bytes:32
passthrough_tensor:blocks.9.attn_scale shape:[512] dtype:torch.float32 bytes:2048
passthrough_tensor:blocks.9.depth_scale shape:[] dtype:torch.float16 bytes:2
passthrough_tensor:blocks.9.mlp_scale shape:[512] dtype:torch.float32 bytes:2048
passthrough_tensor:blocks.9.resid_mix shape:[2, 512] dtype:torch.float32 bytes:4096
passthrough_tensor:skip_weights shape:[5, 512] dtype:torch.float32 bytes:10240
passthrough_tensor:smear.gate shape:[512] dtype:torch.float16 bytes:1024
passthrough_tensor:tok_emb.weight shape:[1024, 512] dtype:torch.float16 bytes:1048576
Serialized model zstd-22: 15401640 bytes (payload:27578744 raw_torch:27638331 payload_ratio:3.83x)
Total submission size zstd-22: 15472130 bytes
Size check PASSED: 15472130 / 16,000,000 (96.7%)
phase:serialize wall_ms:65047 (quant+compress+save)
final_int8_zlib_roundtrip val_loss:1.9841 val_bpb:1.1751 eval_time:2180ms eval_seq_len:2048
final_int8_zlib_roundtrip_exact val_loss:1.98410440 val_bpb:1.17509838
quant_gap: 0.012366 BPB (pre:1.162732 post:1.175098)
phase:postquant_eval wall_ms:2702
ttt:rank0 short=2393 long=3857 epochs=3 batch=64
ttt:short_docs time=19841ms tokens=732712
ttt:batch 5/61 time=3174ms avg_loss=1.9415
ttt:batch 10/61 time=6253ms avg_loss=1.8862
ttt:batch 15/61 time=9332ms avg_loss=1.8445
ttt:batch 20/61 time=14743ms avg_loss=1.7825
ttt:batch 25/61 time=20142ms avg_loss=1.7451
ttt:batch 30/61 time=28286ms avg_loss=1.7018
ttt:batch 35/61 time=37524ms avg_loss=1.6675
ttt:batch 40/61 time=48963ms avg_loss=1.6372
ttt:batch 45/61 time=63709ms avg_loss=1.6105
ttt:batch 50/61 time=82796ms avg_loss=1.5915
ttt:batch 55/61 time=110107ms avg_loss=1.5744
ttt:batch 60/61 time=194891ms avg_loss=1.5907
ttt:long_docs time=224993ms docs=3857
final_ttt_lora val_loss:1.6068 val_bpb:0.9516 eval_time:348283ms lora_rank:8 chunk_size:256
final_ttt_lora_exact val_loss:1.60677915 val_bpb:0.95162506
ttt_gain: 0.223473 BPB gain over int8 (int8:1.175098 ttt:0.951625)
phase:ttt_eval wall_ms:348769
phase:TOTAL wall_ms:1055203 (17.6 min)
phase_breakdown: train:600078ms postprocess:see_above serialize:see_above eval:see_above ttt:see_above
