W0325 21:05:47.825000 43200 torch/distributed/run.py:851] 
W0325 21:05:47.825000 43200 torch/distributed/run.py:851] *****************************************
W0325 21:05:47.825000 43200 torch/distributed/run.py:851] Setting OMP_NUM_THREADS environment variable for each process to be 1 in default, to avoid your system being overloaded, please further tune the variable for optimal performance in your application as needed. 
W0325 21:05:47.825000 43200 torch/distributed/run.py:851] *****************************************
logs/verify_stride2048.txt
val_bpb:enabled tokenizer_kind=sentencepiece tokenizer_path=/tmp/pgolf-repo/data/tokenizers/fineweb_1024_bpe.model
train_loader:dataset:fineweb10B_sp1024 train_shards:80
val_loader:shards pattern=/tmp/pgolf-repo/data/datasets/fineweb10B_sp1024/fineweb_val_*.bin tokens:62021632
model_params:26993756
mtp_num_heads:0 mtp_loss_weight:0.2 mtp_params:0
XSA:last_4 active_layers:[7, 8, 9, 10]
world_size:8 grad_accum_steps:1
sdp_backends:cudnn=False flash=True mem_efficient=False math=False
attention_mode:gqa num_heads:8 num_kv_heads:4
tie_embeddings:True embed_lr:0.035 head_lr:0.0 matrix_lr:0.025 scalar_lr:0.025
train_batch_tokens:786432 train_seq_len:2048 iterations:20000 warmup_steps:20 max_wallclock_seconds:600.000
seed:42
warmup_step:1/20
warmup_step:2/20
warmup_step:3/20
warmup_step:4/20
warmup_step:5/20
warmup_step:6/20
warmup_step:7/20
warmup_step:8/20
warmup_step:9/20
warmup_step:10/20
warmup_step:11/20
warmup_step:12/20
warmup_step:13/20
warmup_step:14/20
warmup_step:15/20
warmup_step:16/20
warmup_step:17/20
warmup_step:18/20
warmup_step:19/20
warmup_step:20/20
step:1/20000 train_loss:6.9319 train_time:151ms step_avg:150.93ms
step:2/20000 train_loss:8.6253 train_time:185ms step_avg:92.54ms
step:3/20000 train_loss:7.7128 train_time:284ms step_avg:94.82ms
step:4/20000 train_loss:7.2859 train_time:383ms step_avg:95.75ms
step:5/20000 train_loss:7.1774 train_time:481ms step_avg:96.30ms
step:6/20000 train_loss:7.0149 train_time:580ms step_avg:96.68ms
step:7/20000 train_loss:6.9137 train_time:679ms step_avg:96.97ms
step:8/20000 train_loss:6.8711 train_time:777ms step_avg:97.18ms
step:9/20000 train_loss:6.5455 train_time:876ms step_avg:97.38ms
step:10/20000 train_loss:6.1976 train_time:975ms step_avg:97.54ms
step:50/20000 train_loss:3.7864 train_time:4944ms step_avg:98.87ms
step:100/20000 train_loss:3.2315 train_time:9892ms step_avg:98.92ms
step:150/20000 train_loss:2.9114 train_time:14924ms step_avg:99.49ms
step:200/20000 train_loss:2.4000 train_time:19894ms step_avg:99.47ms
step:250/20000 train_loss:2.4783 train_time:24857ms step_avg:99.43ms
step:300/20000 train_loss:2.5481 train_time:29885ms step_avg:99.62ms
step:350/20000 train_loss:2.5327 train_time:34868ms step_avg:99.62ms
step:400/20000 train_loss:2.4104 train_time:39919ms step_avg:99.80ms
step:450/20000 train_loss:2.3568 train_time:44911ms step_avg:99.80ms
step:500/20000 train_loss:2.3905 train_time:49910ms step_avg:99.82ms
step:550/20000 train_loss:2.3244 train_time:54973ms step_avg:99.95ms
step:600/20000 train_loss:2.3243 train_time:59973ms step_avg:99.95ms
step:650/20000 train_loss:2.3187 train_time:65032ms step_avg:100.05ms
step:700/20000 train_loss:2.3343 train_time:70034ms step_avg:100.05ms
step:750/20000 train_loss:2.3212 train_time:75034ms step_avg:100.04ms
step:800/20000 train_loss:2.2272 train_time:80093ms step_avg:100.12ms
step:850/20000 train_loss:2.2232 train_time:85094ms step_avg:100.11ms
step:900/20000 train_loss:2.1190 train_time:90153ms step_avg:100.17ms
step:950/20000 train_loss:2.2098 train_time:95154ms step_avg:100.16ms
step:1000/20000 train_loss:2.2641 train_time:100154ms step_avg:100.15ms
step:1050/20000 train_loss:2.2148 train_time:105215ms step_avg:100.20ms
step:1100/20000 train_loss:2.3183 train_time:110214ms step_avg:100.19ms
step:1150/20000 train_loss:2.2402 train_time:115277ms step_avg:100.24ms
step:1200/20000 train_loss:2.3476 train_time:120273ms step_avg:100.23ms
step:1250/20000 train_loss:2.2385 train_time:125276ms step_avg:100.22ms
step:1300/20000 train_loss:2.0878 train_time:130332ms step_avg:100.26ms
step:1350/20000 train_loss:2.2429 train_time:135335ms step_avg:100.25ms
step:1400/20000 train_loss:2.1761 train_time:140392ms step_avg:100.28ms
step:1450/20000 train_loss:2.1059 train_time:145391ms step_avg:100.27ms
step:1500/20000 train_loss:2.2118 train_time:150394ms step_avg:100.26ms
step:1550/20000 train_loss:2.1714 train_time:155453ms step_avg:100.29ms
step:1600/20000 train_loss:2.0641 train_time:160454ms step_avg:100.28ms
step:1650/20000 train_loss:2.1785 train_time:165454ms step_avg:100.28ms
step:1700/20000 train_loss:2.1308 train_time:170513ms step_avg:100.30ms
step:1750/20000 train_loss:2.1848 train_time:175515ms step_avg:100.29ms
step:1800/20000 train_loss:2.1381 train_time:180573ms step_avg:100.32ms
step:1850/20000 train_loss:2.0195 train_time:185574ms step_avg:100.31ms
step:1900/20000 train_loss:2.1150 train_time:190572ms step_avg:100.30ms
step:1950/20000 train_loss:2.0099 train_time:195633ms step_avg:100.32ms
step:2000/20000 train_loss:2.0550 train_time:200635ms step_avg:100.32ms
step:2050/20000 train_loss:2.1015 train_time:205693ms step_avg:100.34ms
step:2100/20000 train_loss:2.0327 train_time:210693ms step_avg:100.33ms
step:2150/20000 train_loss:2.1376 train_time:215694ms step_avg:100.32ms
step:2200/20000 train_loss:2.1257 train_time:220753ms step_avg:100.34ms
step:2250/20000 train_loss:2.1607 train_time:225754ms step_avg:100.33ms
step:2300/20000 train_loss:2.0982 train_time:230884ms step_avg:100.38ms
step:2350/20000 train_loss:2.1553 train_time:235895ms step_avg:100.38ms
step:2400/20000 train_loss:2.0557 train_time:240895ms step_avg:100.37ms
step:2450/20000 train_loss:2.0666 train_time:245954ms step_avg:100.39ms
step:2500/20000 train_loss:2.1620 train_time:250953ms step_avg:100.38ms
step:2550/20000 train_loss:2.1965 train_time:256011ms step_avg:100.40ms
step:2600/20000 train_loss:2.0945 train_time:261011ms step_avg:100.39ms
step:2650/20000 train_loss:2.0565 train_time:266011ms step_avg:100.38ms
step:2700/20000 train_loss:2.0868 train_time:271072ms step_avg:100.40ms
step:2750/20000 train_loss:2.0135 train_time:276073ms step_avg:100.39ms
step:2800/20000 train_loss:2.1361 train_time:281132ms step_avg:100.40ms
step:2850/20000 train_loss:2.0481 train_time:286131ms step_avg:100.40ms
step:2900/20000 train_loss:2.0013 train_time:291133ms step_avg:100.39ms
step:2950/20000 train_loss:2.0584 train_time:296193ms step_avg:100.40ms
step:3000/20000 train_loss:2.1388 train_time:301195ms step_avg:100.40ms
step:3050/20000 train_loss:2.0192 train_time:306193ms step_avg:100.39ms
step:3100/20000 train_loss:2.0085 train_time:311255ms step_avg:100.40ms
step:3150/20000 train_loss:1.9470 train_time:316254ms step_avg:100.40ms
step:3200/20000 train_loss:2.1449 train_time:321308ms step_avg:100.41ms
step:3250/20000 train_loss:2.0216 train_time:326315ms step_avg:100.40ms
step:3300/20000 train_loss:2.0449 train_time:331309ms step_avg:100.40ms
step:3350/20000 train_loss:2.0642 train_time:336374ms step_avg:100.41ms
step:3400/20000 train_loss:1.9901 train_time:341371ms step_avg:100.40ms
step:3450/20000 train_loss:2.0807 train_time:346436ms step_avg:100.42ms
step:3500/20000 train_loss:2.1469 train_time:351435ms step_avg:100.41ms
step:3550/20000 train_loss:1.8925 train_time:356434ms step_avg:100.40ms
step:3600/20000 train_loss:2.0622 train_time:361489ms step_avg:100.41ms
step:3650/20000 train_loss:1.9379 train_time:366494ms step_avg:100.41ms
step:3700/20000 train_loss:2.0610 train_time:371555ms step_avg:100.42ms
step:3750/20000 train_loss:1.8840 train_time:376553ms step_avg:100.41ms
step:3800/20000 train_loss:2.0331 train_time:381553ms step_avg:100.41ms
step:3850/20000 train_loss:2.0504 train_time:386613ms step_avg:100.42ms
step:3900/20000 train_loss:2.0372 train_time:391614ms step_avg:100.41ms
step:3950/20000 train_loss:2.1355 train_time:396665ms step_avg:100.42ms
step:4000/20000 train_loss:1.9362 train_time:401672ms step_avg:100.42ms
step:4050/20000 train_loss:2.0588 train_time:406673ms step_avg:100.41ms
step:4100/20000 train_loss:1.9752 train_time:411733ms step_avg:100.42ms
step:4150/20000 train_loss:2.0731 train_time:416736ms step_avg:100.42ms
step:4200/20000 train_loss:2.1090 train_time:421793ms step_avg:100.43ms
step:4250/20000 train_loss:2.0733 train_time:426793ms step_avg:100.42ms
step:4300/20000 train_loss:2.0172 train_time:431793ms step_avg:100.42ms
step:4350/20000 train_loss:2.0281 train_time:436852ms step_avg:100.43ms
step:4400/20000 train_loss:1.9896 train_time:441852ms step_avg:100.42ms
step:4450/20000 train_loss:2.0046 train_time:446853ms step_avg:100.42ms
step:4500/20000 train_loss:2.0822 train_time:451911ms step_avg:100.42ms
step:4550/20000 train_loss:2.0900 train_time:456912ms step_avg:100.42ms
step:4600/20000 train_loss:1.7981 train_time:461958ms step_avg:100.43ms
step:4650/20000 train_loss:2.0105 train_time:466950ms step_avg:100.42ms
step:4700/20000 train_loss:2.1976 train_time:471955ms step_avg:100.42ms
step:4750/20000 train_loss:1.9815 train_time:477011ms step_avg:100.42ms
step:4800/20000 train_loss:2.3880 train_time:482013ms step_avg:100.42ms
step:4850/20000 train_loss:2.0671 train_time:487068ms step_avg:100.43ms
step:4900/20000 train_loss:2.0052 train_time:492075ms step_avg:100.42ms
step:4950/20000 train_loss:2.0562 train_time:497074ms step_avg:100.42ms
step:5000/20000 train_loss:2.0580 train_time:502134ms step_avg:100.43ms
step:5050/20000 train_loss:2.0213 train_time:507133ms step_avg:100.42ms
step:5100/20000 train_loss:2.0820 train_time:512190ms step_avg:100.43ms
step:5150/20000 train_loss:1.9843 train_time:517200ms step_avg:100.43ms
step:5200/20000 train_loss:1.9927 train_time:522194ms step_avg:100.42ms
step:5250/20000 train_loss:2.0248 train_time:527255ms step_avg:100.43ms
swa:start step:5300
step:5300/20000 train_loss:1.9576 train_time:532253ms step_avg:100.43ms
step:5350/20000 train_loss:1.8756 train_time:537402ms step_avg:100.45ms
step:5400/20000 train_loss:2.0048 train_time:542473ms step_avg:100.46ms
late_qat:enabled step:5447 scale:0.1499
step:5450/20000 train_loss:2.0247 train_time:547535ms step_avg:100.47ms
step:5500/20000 train_loss:1.9649 train_time:552641ms step_avg:100.48ms
step:5550/20000 train_loss:1.9554 train_time:557692ms step_avg:100.49ms
step:5600/20000 train_loss:1.9036 train_time:562810ms step_avg:100.50ms
step:5650/20000 train_loss:2.0064 train_time:567854ms step_avg:100.51ms
step:5700/20000 train_loss:1.9605 train_time:572912ms step_avg:100.51ms
step:5750/20000 train_loss:2.0407 train_time:578030ms step_avg:100.53ms
step:5800/20000 train_loss:1.9399 train_time:583090ms step_avg:100.53ms
step:5850/20000 train_loss:2.0751 train_time:588211ms step_avg:100.55ms
step:5900/20000 train_loss:1.8511 train_time:593271ms step_avg:100.55ms
step:5950/20000 train_loss:1.9101 train_time:598336ms step_avg:100.56ms
step:5966/20000 val_loss:1.9315 val_bpb:1.1439 train_time:600071ms step_avg:100.58ms
stopping_early: wallclock_cap train_time:600071ms step:5966/20000
peak memory allocated: 22051 MiB reserved: 22100 MiB
ema:applying EMA weights
DIAGNOSTIC post_ema val_loss:1.9300 val_bpb:1.1431 eval_time:2228ms
Serialized model: 106158518 bytes
Code size: 99492 bytes
Serialized model int6+lzma: 15825180 bytes
Total submission size int6+lzma: 15924672 bytes
final_int6_roundtrip val_loss:1.9443 val_bpb:1.1515 eval_time:6302ms
final_int6_roundtrip_exact val_loss:1.94431896 val_bpb:1.15153521
ngram_cache: hits=7589316/7751680 (97.9%) alpha=0.2 order=5 buckets=4194304
final_int6_sliding_window val_loss:1.4704 val_bpb:0.8709 stride:2048 eval_time:24001ms
final_int6_sliding_window_exact val_loss:1.47040003 val_bpb:0.87085372
final_int8_zlib_roundtrip_exact val_loss:1.47040003 val_bpb:0.87085372
