W0323 18:02:34.755000 1606729 torch/distributed/run.py:766] 
W0323 18:02:34.755000 1606729 torch/distributed/run.py:766] *****************************************
W0323 18:02:34.755000 1606729 torch/distributed/run.py:766] Setting OMP_NUM_THREADS environment variable for each process to be 1 in default, to avoid your system being overloaded, please further tune the variable for optimal performance in your application as needed. 
W0323 18:02:34.755000 1606729 torch/distributed/run.py:766] *****************************************
logs/proteus_v8_2024.txt
val_bpb:enabled tokenizer_kind=sentencepiece tokenizer_path=/tmp/pgolf-repo/data/tokenizers/fineweb_1024_bpe.model
train_loader:dataset:fineweb10B_sp1024 train_shards:80 val_tokens:62021632
model_params:26829913 world_size:8 grad_accum_steps:1
attention_mode:gqa num_heads:8 num_kv_heads:4
tie_embeddings:True embed_lr:0.03 head_lr:0.0 matrix_lr:0.02 scalar_lr:0.02
train_batch_tokens:786432 train_seq_len:1024 iterations:20000 warmup_steps:20 max_wallclock_seconds:600.000
seed:2024 ema_enabled:True ema_decay:0.999 ema_every:10
ttt_lora_rank:8 ttt_lora_lr:0.01 ttt_chunk_size:256
warmup_step:1/20
warmup_step:2/20
warmup_step:3/20
warmup_step:4/20
warmup_step:5/20
warmup_step:6/20
warmup_step:7/20
warmup_step:8/20
warmup_step:9/20
warmup_step:10/20
warmup_step:11/20
warmup_step:12/20
warmup_step:13/20
warmup_step:14/20
warmup_step:15/20
warmup_step:16/20
warmup_step:17/20
warmup_step:18/20
warmup_step:19/20
warmup_step:20/20
step:1/20000 train_loss:6.931915 lr_scale:1.0000 muon_mom:0.9200 train_time:214ms step_avg:214.47ms this_step:214.5ms mem:20970MiB swa_n:0
step:2/20000 train_loss:8.074561 lr_scale:0.8127 muon_mom:0.9200 train_time:312ms step_avg:156.24ms this_step:98.0ms mem:20970MiB swa_n:0
step:3/20000 train_loss:7.497253 lr_scale:1.0000 muon_mom:0.9201 train_time:396ms step_avg:132.15ms this_step:84.0ms mem:20970MiB swa_n:0
step:4/20000 train_loss:6.939363 lr_scale:1.0000 muon_mom:0.9201 train_time:480ms step_avg:120.10ms this_step:84.0ms mem:20970MiB swa_n:0
step:5/20000 train_loss:6.866074 lr_scale:1.0000 muon_mom:0.9202 train_time:564ms step_avg:112.77ms this_step:83.4ms mem:20970MiB swa_n:0
step:6/20000 train_loss:6.988777 lr_scale:1.0000 muon_mom:0.9202 train_time:647ms step_avg:107.81ms this_step:83.0ms mem:20970MiB swa_n:0
step:7/20000 train_loss:6.847568 lr_scale:1.0000 muon_mom:0.9203 train_time:730ms step_avg:104.34ms this_step:83.5ms mem:20970MiB swa_n:0
step:8/20000 train_loss:6.711379 lr_scale:1.0000 muon_mom:0.9203 train_time:814ms step_avg:101.74ms this_step:83.6ms mem:20970MiB swa_n:0
step:9/20000 train_loss:6.431501 lr_scale:1.0000 muon_mom:0.9204 train_time:898ms step_avg:99.74ms this_step:83.7ms mem:20970MiB swa_n:0
step:10/20000 train_loss:6.162622 lr_scale:1.0000 muon_mom:0.9204 train_time:982ms step_avg:98.15ms this_step:83.9ms mem:20970MiB swa_n:0
step:50/20000 train_loss:4.007363 lr_scale:1.0000 muon_mom:0.9223 train_time:4697ms step_avg:93.94ms this_step:3715.6ms mem:20970MiB swa_n:0
step:100/20000 train_loss:3.256114 lr_scale:1.0000 muon_mom:0.9246 train_time:8926ms step_avg:89.26ms this_step:4229.1ms mem:20970MiB swa_n:0
step:150/20000 train_loss:2.952389 lr_scale:1.0000 muon_mom:0.9270 train_time:13218ms step_avg:88.12ms this_step:4291.6ms mem:20970MiB swa_n:0
step:200/20000 train_loss:2.461025 lr_scale:1.0000 muon_mom:0.9293 train_time:17461ms step_avg:87.31ms this_step:4243.6ms mem:20970MiB swa_n:0
step:250/20000 train_loss:2.554729 lr_scale:1.0000 muon_mom:0.9316 train_time:21705ms step_avg:86.82ms this_step:4243.9ms mem:20970MiB swa_n:0
step:300/20000 train_loss:2.618887 lr_scale:1.0000 muon_mom:0.9340 train_time:25995ms step_avg:86.65ms this_step:4289.7ms mem:20970MiB swa_n:0
step:350/20000 train_loss:2.596972 lr_scale:1.0000 muon_mom:0.9363 train_time:30230ms step_avg:86.37ms this_step:4235.4ms mem:20970MiB swa_n:0
step:400/20000 train_loss:2.479893 lr_scale:1.0000 muon_mom:0.9386 train_time:34523ms step_avg:86.31ms this_step:4293.2ms mem:20970MiB swa_n:0
step:450/20000 train_loss:2.430699 lr_scale:1.0000 muon_mom:0.9410 train_time:38747ms step_avg:86.10ms this_step:4223.7ms mem:20970MiB swa_n:0
step:500/20000 train_loss:2.449365 lr_scale:1.0000 muon_mom:0.9433 train_time:42974ms step_avg:85.95ms this_step:4227.2ms mem:20970MiB swa_n:0
step:550/20000 train_loss:2.392788 lr_scale:1.0000 muon_mom:0.9456 train_time:47253ms step_avg:85.92ms this_step:4279.1ms mem:20970MiB swa_n:0
step:600/20000 train_loss:2.379093 lr_scale:1.0000 muon_mom:0.9480 train_time:51470ms step_avg:85.78ms this_step:4216.5ms mem:20970MiB swa_n:0
step:650/20000 train_loss:2.376061 lr_scale:1.0000 muon_mom:0.9503 train_time:55756ms step_avg:85.78ms this_step:4286.3ms mem:20970MiB swa_n:0
step:700/20000 train_loss:2.395063 lr_scale:1.0000 muon_mom:0.9526 train_time:59977ms step_avg:85.68ms this_step:4220.8ms mem:20970MiB swa_n:0
step:750/20000 train_loss:2.374780 lr_scale:1.0000 muon_mom:0.9550 train_time:64196ms step_avg:85.59ms this_step:4218.6ms mem:20970MiB swa_n:0
step:800/20000 train_loss:2.286112 lr_scale:1.0000 muon_mom:0.9573 train_time:68470ms step_avg:85.59ms this_step:4274.5ms mem:20970MiB swa_n:0
step:850/20000 train_loss:2.277483 lr_scale:1.0000 muon_mom:0.9596 train_time:72687ms step_avg:85.51ms this_step:4216.7ms mem:20970MiB swa_n:0
step:900/20000 train_loss:2.175628 lr_scale:1.0000 muon_mom:0.9620 train_time:76963ms step_avg:85.51ms this_step:4275.8ms mem:20970MiB swa_n:0
step:950/20000 train_loss:2.257242 lr_scale:1.0000 muon_mom:0.9643 train_time:81183ms step_avg:85.46ms this_step:4220.3ms mem:20970MiB swa_n:0
step:1000/20000 train_loss:2.316167 lr_scale:1.0000 muon_mom:0.9666 train_time:85399ms step_avg:85.40ms this_step:4216.2ms mem:20970MiB swa_n:0
step:1050/20000 train_loss:2.268363 lr_scale:1.0000 muon_mom:0.9690 train_time:89669ms step_avg:85.40ms this_step:4269.7ms mem:20970MiB swa_n:0
step:1100/20000 train_loss:2.378910 lr_scale:1.0000 muon_mom:0.9713 train_time:93889ms step_avg:85.35ms this_step:4220.4ms mem:20970MiB swa_n:0
step:1150/20000 train_loss:2.283576 lr_scale:1.0000 muon_mom:0.9736 train_time:98159ms step_avg:85.36ms this_step:4270.0ms mem:20970MiB swa_n:0
step:1200/20000 train_loss:2.395905 lr_scale:1.0000 muon_mom:0.9760 train_time:102379ms step_avg:85.32ms this_step:4219.9ms mem:20970MiB swa_n:0
step:1250/20000 train_loss:2.295029 lr_scale:1.0000 muon_mom:0.9783 train_time:106602ms step_avg:85.28ms this_step:4222.6ms mem:20970MiB swa_n:0
step:1300/20000 train_loss:2.149182 lr_scale:1.0000 muon_mom:0.9806 train_time:110878ms step_avg:85.29ms this_step:4275.9ms mem:20970MiB swa_n:0
step:1350/20000 train_loss:2.286112 lr_scale:1.0000 muon_mom:0.9830 train_time:115092ms step_avg:85.25ms this_step:4214.0ms mem:20970MiB swa_n:0
step:1400/20000 train_loss:2.226304 lr_scale:1.0000 muon_mom:0.9853 train_time:119360ms step_avg:85.26ms this_step:4268.6ms mem:20970MiB swa_n:0
step:1450/20000 train_loss:2.166069 lr_scale:1.0000 muon_mom:0.9876 train_time:123577ms step_avg:85.23ms this_step:4216.5ms mem:20970MiB swa_n:0
step:1500/20000 train_loss:2.256433 lr_scale:1.0000 muon_mom:0.9900 train_time:127791ms step_avg:85.19ms this_step:4214.8ms mem:20970MiB swa_n:0
step:1550/20000 train_loss:2.226047 lr_scale:1.0000 muon_mom:0.9900 train_time:132055ms step_avg:85.20ms this_step:4263.4ms mem:20970MiB swa_n:0
step:1600/20000 train_loss:2.126029 lr_scale:1.0000 muon_mom:0.9900 train_time:136271ms step_avg:85.17ms this_step:4215.8ms mem:20970MiB swa_n:0
step:1650/20000 train_loss:2.237076 lr_scale:1.0000 muon_mom:0.9900 train_time:140481ms step_avg:85.14ms this_step:4210.2ms mem:20970MiB swa_n:0
step:1700/20000 train_loss:2.178870 lr_scale:1.0000 muon_mom:0.9900 train_time:144752ms step_avg:85.15ms this_step:4271.2ms mem:20970MiB swa_n:0
step:1750/20000 train_loss:2.237002 lr_scale:1.0000 muon_mom:0.9900 train_time:148962ms step_avg:85.12ms this_step:4210.0ms mem:20970MiB swa_n:0
step:1800/20000 train_loss:2.228245 lr_scale:1.0000 muon_mom:0.9900 train_time:153233ms step_avg:85.13ms this_step:4271.1ms mem:20970MiB swa_n:0
step:1850/20000 train_loss:2.072171 lr_scale:1.0000 muon_mom:0.9900 train_time:157451ms step_avg:85.11ms this_step:4217.8ms mem:20970MiB swa_n:0
step:1900/20000 train_loss:2.172287 lr_scale:1.0000 muon_mom:0.9900 train_time:161666ms step_avg:85.09ms this_step:4215.2ms mem:20970MiB swa_n:0
step:1950/20000 train_loss:2.063291 lr_scale:1.0000 muon_mom:0.9900 train_time:165938ms step_avg:85.10ms this_step:4272.2ms mem:20970MiB swa_n:0
step:2000/20000 train_loss:2.107965 lr_scale:1.0000 muon_mom:0.9900 train_time:170151ms step_avg:85.08ms this_step:4213.0ms mem:20970MiB swa_n:0
step:2050/20000 train_loss:2.149651 lr_scale:1.0000 muon_mom:0.9900 train_time:174416ms step_avg:85.08ms this_step:4264.4ms mem:20970MiB swa_n:0
step:2100/20000 train_loss:2.079889 lr_scale:1.0000 muon_mom:0.9900 train_time:178632ms step_avg:85.06ms this_step:4216.0ms mem:20970MiB swa_n:0
step:2150/20000 train_loss:2.183417 lr_scale:1.0000 muon_mom:0.9900 train_time:182848ms step_avg:85.05ms this_step:4216.3ms mem:20970MiB swa_n:0
step:2200/20000 train_loss:2.235383 lr_scale:1.0000 muon_mom:0.9900 train_time:187111ms step_avg:85.05ms this_step:4263.1ms mem:20970MiB swa_n:0
step:2250/20000 train_loss:2.216996 lr_scale:1.0000 muon_mom:0.9900 train_time:191326ms step_avg:85.03ms this_step:4215.0ms mem:20970MiB swa_n:0
step:2300/20000 train_loss:2.149143 lr_scale:1.0000 muon_mom:0.9900 train_time:195594ms step_avg:85.04ms this_step:4268.5ms mem:20970MiB swa_n:0
step:2350/20000 train_loss:2.207779 lr_scale:1.0000 muon_mom:0.9900 train_time:199810ms step_avg:85.03ms this_step:4216.0ms mem:20970MiB swa_n:0
step:2400/20000 train_loss:2.109462 lr_scale:1.0000 muon_mom:0.9900 train_time:204026ms step_avg:85.01ms this_step:4216.1ms mem:20970MiB swa_n:0
step:2450/20000 train_loss:2.119834 lr_scale:1.0000 muon_mom:0.9900 train_time:208297ms step_avg:85.02ms this_step:4270.6ms mem:20970MiB swa_n:0
step:2500/20000 train_loss:2.209829 lr_scale:1.0000 muon_mom:0.9900 train_time:212514ms step_avg:85.01ms this_step:4216.5ms mem:20970MiB swa_n:0
step:2550/20000 train_loss:2.236282 lr_scale:1.0000 muon_mom:0.9900 train_time:216777ms step_avg:85.01ms this_step:4263.4ms mem:20970MiB swa_n:0
step:2600/20000 train_loss:2.143762 lr_scale:1.0000 muon_mom:0.9900 train_time:220993ms step_avg:85.00ms this_step:4216.0ms mem:20970MiB swa_n:0
step:2650/20000 train_loss:2.119745 lr_scale:1.0000 muon_mom:0.9900 train_time:225208ms step_avg:84.98ms this_step:4215.4ms mem:20970MiB swa_n:0
step:2700/20000 train_loss:2.135499 lr_scale:1.0000 muon_mom:0.9900 train_time:229475ms step_avg:84.99ms this_step:4267.1ms mem:20970MiB swa_n:0
step:2750/20000 train_loss:2.075081 lr_scale:1.0000 muon_mom:0.9900 train_time:233688ms step_avg:84.98ms this_step:4212.7ms mem:20970MiB swa_n:0
step:2800/20000 train_loss:2.191781 lr_scale:1.0000 muon_mom:0.9900 train_time:237953ms step_avg:84.98ms this_step:4264.9ms mem:20970MiB swa_n:0
step:2850/20000 train_loss:2.105230 lr_scale:1.0000 muon_mom:0.9900 train_time:242169ms step_avg:84.97ms this_step:4216.0ms mem:20970MiB swa_n:0
step:2900/20000 train_loss:2.070952 lr_scale:1.0000 muon_mom:0.9900 train_time:246378ms step_avg:84.96ms this_step:4209.2ms mem:20970MiB swa_n:0
step:2950/20000 train_loss:2.116503 lr_scale:1.0000 muon_mom:0.9900 train_time:250640ms step_avg:84.96ms this_step:4261.7ms mem:20970MiB swa_n:0
step:3000/20000 train_loss:2.197731 lr_scale:1.0000 muon_mom:0.9900 train_time:254848ms step_avg:84.95ms this_step:4208.2ms mem:20970MiB swa_n:0
step:3050/20000 train_loss:2.082551 lr_scale:1.0000 muon_mom:0.9900 train_time:259059ms step_avg:84.94ms this_step:4210.9ms mem:20970MiB swa_n:0
step:3100/20000 train_loss:2.081330 lr_scale:1.0000 muon_mom:0.9900 train_time:263341ms step_avg:84.95ms this_step:4281.5ms mem:20970MiB swa_n:0
step:3150/20000 train_loss:2.011681 lr_scale:1.0000 muon_mom:0.9900 train_time:267563ms step_avg:84.94ms this_step:4222.1ms mem:20970MiB swa_n:0
step:3200/20000 train_loss:2.207491 lr_scale:1.0000 muon_mom:0.9900 train_time:271834ms step_avg:84.95ms this_step:4271.2ms mem:20970MiB swa_n:0
step:3250/20000 train_loss:2.089018 lr_scale:1.0000 muon_mom:0.9900 train_time:276055ms step_avg:84.94ms this_step:4221.0ms mem:20970MiB swa_n:0
step:3300/20000 train_loss:2.112615 lr_scale:1.0000 muon_mom:0.9900 train_time:280279ms step_avg:84.93ms this_step:4223.8ms mem:20970MiB swa_n:0
step:3350/20000 train_loss:2.130936 lr_scale:1.0000 muon_mom:0.9900 train_time:284545ms step_avg:84.94ms this_step:4266.2ms mem:20970MiB swa_n:0
step:3400/20000 train_loss:2.064941 lr_scale:1.0000 muon_mom:0.9900 train_time:288757ms step_avg:84.93ms this_step:4211.9ms mem:20970MiB swa_n:0
step:3450/20000 train_loss:2.158280 lr_scale:1.0000 muon_mom:0.9900 train_time:293023ms step_avg:84.93ms this_step:4265.7ms mem:20970MiB swa_n:0
step:3500/20000 train_loss:2.219327 lr_scale:1.0000 muon_mom:0.9900 train_time:297237ms step_avg:84.92ms this_step:4214.0ms mem:20970MiB swa_n:0
step:3550/20000 train_loss:1.964218 lr_scale:1.0000 muon_mom:0.9900 train_time:301445ms step_avg:84.91ms this_step:4208.0ms mem:20970MiB swa_n:0
step:3600/20000 train_loss:2.136692 lr_scale:1.0000 muon_mom:0.9900 train_time:305710ms step_avg:84.92ms this_step:4265.4ms mem:20970MiB swa_n:0
step:3650/20000 train_loss:2.027908 lr_scale:1.0000 muon_mom:0.9900 train_time:309919ms step_avg:84.91ms this_step:4209.1ms mem:20970MiB swa_n:0
step:3700/20000 train_loss:2.131764 lr_scale:1.0000 muon_mom:0.9900 train_time:314188ms step_avg:84.92ms this_step:4269.2ms mem:20970MiB swa_n:0
step:3750/20000 train_loss:1.962456 lr_scale:1.0000 muon_mom:0.9900 train_time:318396ms step_avg:84.91ms this_step:4207.8ms mem:20970MiB swa_n:0
step:3800/20000 train_loss:2.117929 lr_scale:1.0000 muon_mom:0.9900 train_time:322604ms step_avg:84.90ms this_step:4207.4ms mem:20970MiB swa_n:0
step:3850/20000 train_loss:2.131837 lr_scale:1.0000 muon_mom:0.9900 train_time:326867ms step_avg:84.90ms this_step:4263.8ms mem:20970MiB swa_n:0
step:3900/20000 train_loss:2.118592 lr_scale:1.0000 muon_mom:0.9900 train_time:331075ms step_avg:84.89ms this_step:4207.3ms mem:20970MiB swa_n:0
step:3950/20000 train_loss:2.219593 lr_scale:1.0000 muon_mom:0.9900 train_time:335330ms step_avg:84.89ms this_step:4255.3ms mem:20970MiB swa_n:0
step:4000/20000 train_loss:2.021956 lr_scale:1.0000 muon_mom:0.9900 train_time:339544ms step_avg:84.89ms this_step:4214.4ms mem:20970MiB swa_n:0
step:4050/20000 train_loss:2.135770 lr_scale:1.0000 muon_mom:0.9900 train_time:343753ms step_avg:84.88ms this_step:4208.3ms mem:20970MiB swa_n:0
step:4100/20000 train_loss:2.079323 lr_scale:0.9897 muon_mom:0.9900 train_time:348021ms step_avg:84.88ms this_step:4268.7ms mem:20970MiB swa_n:0
step:4150/20000 train_loss:2.158145 lr_scale:0.9732 muon_mom:0.9900 train_time:352238ms step_avg:84.88ms this_step:4217.0ms mem:20970MiB swa_n:0
step:4200/20000 train_loss:2.209221 lr_scale:0.9564 muon_mom:0.9900 train_time:356506ms step_avg:84.88ms this_step:4267.6ms mem:20970MiB swa_n:0
step:4250/20000 train_loss:2.161037 lr_scale:0.9400 muon_mom:0.9900 train_time:360716ms step_avg:84.87ms this_step:4210.2ms mem:20970MiB swa_n:0
step:4300/20000 train_loss:2.106863 lr_scale:0.9235 muon_mom:0.9900 train_time:364929ms step_avg:84.87ms this_step:4213.0ms mem:20970MiB swa_n:0
step:4350/20000 train_loss:2.119426 lr_scale:0.9067 muon_mom:0.9900 train_time:369196ms step_avg:84.87ms this_step:4266.5ms mem:20970MiB swa_n:0
step:4400/20000 train_loss:2.082144 lr_scale:0.8902 muon_mom:0.9900 train_time:373406ms step_avg:84.87ms this_step:4210.9ms mem:20970MiB swa_n:0
step:4450/20000 train_loss:2.091989 lr_scale:0.8738 muon_mom:0.9900 train_time:377615ms step_avg:84.86ms this_step:4208.2ms mem:20970MiB swa_n:0
step:4500/20000 train_loss:2.165177 lr_scale:0.8570 muon_mom:0.9900 train_time:381876ms step_avg:84.86ms this_step:4261.7ms mem:20970MiB swa_n:0
step:4550/20000 train_loss:2.173481 lr_scale:0.8405 muon_mom:0.9900 train_time:386086ms step_avg:84.85ms this_step:4209.7ms mem:20970MiB swa_n:0
step:4600/20000 train_loss:1.912114 lr_scale:0.8237 muon_mom:0.9900 train_time:390351ms step_avg:84.86ms this_step:4265.1ms mem:20970MiB swa_n:0
step:4650/20000 train_loss:2.103361 lr_scale:0.8072 muon_mom:0.9900 train_time:394567ms step_avg:84.85ms this_step:4216.0ms mem:20970MiB swa_n:0
step:4700/20000 train_loss:2.299469 lr_scale:0.7906 muon_mom:0.9900 train_time:398807ms step_avg:84.85ms this_step:4239.8ms mem:20970MiB swa_n:0
step:4750/20000 train_loss:2.068324 lr_scale:0.7735 muon_mom:0.9900 train_time:403118ms step_avg:84.87ms this_step:4311.1ms mem:20970MiB swa_n:0
step:4800/20000 train_loss:2.516210 lr_scale:0.7570 muon_mom:0.9900 train_time:407330ms step_avg:84.86ms this_step:4212.1ms mem:20970MiB swa_n:0
step:4850/20000 train_loss:2.157434 lr_scale:0.7403 muon_mom:0.9900 train_time:411594ms step_avg:84.86ms this_step:4264.0ms mem:20970MiB swa_n:0
step:4900/20000 train_loss:2.100316 lr_scale:0.7237 muon_mom:0.9900 train_time:415811ms step_avg:84.86ms this_step:4217.3ms mem:20970MiB swa_n:0
step:4950/20000 train_loss:2.153297 lr_scale:0.7072 muon_mom:0.9900 train_time:420027ms step_avg:84.85ms this_step:4215.6ms mem:20970MiB swa_n:0
step:5000/20000 train_loss:2.156101 lr_scale:0.6904 muon_mom:0.9900 train_time:424302ms step_avg:84.86ms this_step:4274.9ms mem:20970MiB swa_n:0
step:5050/20000 train_loss:2.136122 lr_scale:0.6738 muon_mom:0.9900 train_time:428521ms step_avg:84.86ms this_step:4219.3ms mem:20970MiB swa_n:0
step:5100/20000 train_loss:2.165131 lr_scale:0.6570 muon_mom:0.9900 train_time:432797ms step_avg:84.86ms this_step:4276.1ms mem:20970MiB swa_n:0
step:5150/20000 train_loss:2.079747 lr_scale:0.6405 muon_mom:0.9900 train_time:437017ms step_avg:84.86ms this_step:4220.1ms mem:20970MiB swa_n:0
step:5200/20000 train_loss:2.089982 lr_scale:0.6239 muon_mom:0.9900 train_time:441235ms step_avg:84.85ms this_step:4217.7ms mem:20970MiB swa_n:0
step:5250/20000 train_loss:2.109663 lr_scale:0.6071 muon_mom:0.9900 train_time:445506ms step_avg:84.86ms this_step:4270.8ms mem:20970MiB swa_n:0
step:5300/20000 train_loss:2.056975 lr_scale:0.5906 muon_mom:0.9900 train_time:449719ms step_avg:84.85ms this_step:4213.0ms mem:20970MiB swa_n:0
step:5350/20000 train_loss:1.977309 lr_scale:0.5738 muon_mom:0.9900 train_time:453984ms step_avg:84.86ms this_step:4265.3ms mem:20970MiB swa_n:0
step:5400/20000 train_loss:2.094790 lr_scale:0.5573 muon_mom:0.9900 train_time:458198ms step_avg:84.85ms this_step:4213.9ms mem:20970MiB swa_n:0
step:5450/20000 train_loss:2.116916 lr_scale:0.5408 muon_mom:0.9900 train_time:462409ms step_avg:84.85ms this_step:4211.3ms mem:20970MiB swa_n:0
step:5500/20000 train_loss:2.063193 lr_scale:0.5240 muon_mom:0.9900 train_time:466672ms step_avg:84.85ms this_step:4262.6ms mem:20970MiB swa_n:0
step:5550/20000 train_loss:2.056773 lr_scale:0.5075 muon_mom:0.9900 train_time:470887ms step_avg:84.84ms this_step:4215.1ms mem:20970MiB swa_n:0
step:5600/20000 train_loss:2.017604 lr_scale:0.4908 muon_mom:0.9900 train_time:475144ms step_avg:84.85ms this_step:4256.4ms mem:20970MiB swa_n:0
step:5650/20000 train_loss:2.097149 lr_scale:0.4742 muon_mom:0.9900 train_time:479362ms step_avg:84.84ms this_step:4218.6ms mem:20970MiB swa_n:0
step:5700/20000 train_loss:2.061060 lr_scale:0.4577 muon_mom:0.9900 train_time:483569ms step_avg:84.84ms this_step:4207.1ms mem:20970MiB swa_n:0
step:5750/20000 train_loss:2.140007 lr_scale:0.4410 muon_mom:0.9900 train_time:487831ms step_avg:84.84ms this_step:4261.8ms mem:20970MiB swa_n:0
step:5800/20000 train_loss:2.054128 lr_scale:0.4244 muon_mom:0.9900 train_time:492042ms step_avg:84.83ms this_step:4210.6ms mem:20970MiB swa_n:0
step:5850/20000 train_loss:2.176043 lr_scale:0.4079 muon_mom:0.9900 train_time:496313ms step_avg:84.84ms this_step:4271.1ms mem:20970MiB swa_n:0
step:5900/20000 train_loss:1.957772 lr_scale:0.3911 muon_mom:0.9900 train_time:500521ms step_avg:84.83ms this_step:4208.5ms mem:20970MiB swa_n:0
step:5950/20000 train_loss:2.006979 lr_scale:0.3746 muon_mom:0.9900 train_time:504732ms step_avg:84.83ms this_step:4210.9ms mem:20970MiB swa_n:0
step:6000/20000 train_loss:1.998116 lr_scale:0.3578 muon_mom:0.9900 train_time:508998ms step_avg:84.83ms this_step:4265.6ms mem:20970MiB swa_n:0
step:6050/20000 train_loss:2.017130 lr_scale:0.3413 muon_mom:0.9900 train_time:513207ms step_avg:84.83ms this_step:4209.3ms mem:20970MiB swa_n:0
step:6100/20000 train_loss:1.974090 lr_scale:0.3248 muon_mom:0.9900 train_time:517417ms step_avg:84.82ms this_step:4210.1ms mem:20970MiB swa_n:0
step:6150/20000 train_loss:2.073376 lr_scale:0.3080 muon_mom:0.9900 train_time:521678ms step_avg:84.83ms this_step:4260.9ms mem:20970MiB swa_n:0
step:6200/20000 train_loss:2.008315 lr_scale:0.2915 muon_mom:0.9900 train_time:525888ms step_avg:84.82ms this_step:4210.4ms mem:20970MiB swa_n:0
step:6250/20000 train_loss:2.124454 lr_scale:0.2747 muon_mom:0.9900 train_time:530155ms step_avg:84.82ms this_step:4266.2ms mem:20970MiB swa_n:0
step:6300/20000 train_loss:1.990264 lr_scale:0.2582 muon_mom:0.9900 train_time:534374ms step_avg:84.82ms this_step:4219.3ms mem:20970MiB swa_n:0
step:6350/20000 train_loss:2.085253 lr_scale:0.2416 muon_mom:0.9900 train_time:538592ms step_avg:84.82ms this_step:4217.7ms mem:20970MiB swa_n:0
step:6400/20000 train_loss:2.049281 lr_scale:0.2248 muon_mom:0.9900 train_time:542859ms step_avg:84.82ms this_step:4267.0ms mem:20970MiB swa_n:0
step:6450/20000 train_loss:2.122886 lr_scale:0.2082 muon_mom:0.9900 train_time:547077ms step_avg:84.82ms this_step:4217.9ms mem:20970MiB swa_n:0
step:6500/20000 train_loss:2.126750 lr_scale:0.1915 muon_mom:0.9900 train_time:551340ms step_avg:84.82ms this_step:4263.1ms mem:20970MiB swa_n:0
swa:start step=6500
step:6550/20000 train_loss:2.090597 lr_scale:0.1746 muon_mom:0.9900 train_time:555627ms step_avg:84.83ms this_step:4287.7ms mem:20970MiB swa_n:1
step:6600/20000 train_loss:1.900763 lr_scale:0.1579 muon_mom:0.9900 train_time:559870ms step_avg:84.83ms this_step:4243.0ms mem:20970MiB swa_n:2
step:6650/20000 train_loss:1.858188 lr_scale:0.1411 muon_mom:0.9900 train_time:564159ms step_avg:84.84ms this_step:4289.1ms mem:20970MiB swa_n:3
step:6700/20000 train_loss:1.988126 lr_scale:0.1244 muon_mom:0.9900 train_time:568395ms step_avg:84.84ms this_step:4235.8ms mem:20970MiB swa_n:4
step:6750/20000 train_loss:2.138081 lr_scale:0.1076 muon_mom:0.9900 train_time:572681ms step_avg:84.84ms this_step:4285.9ms mem:20970MiB swa_n:5
step:6800/20000 train_loss:2.064433 lr_scale:0.0909 muon_mom:0.9900 train_time:576921ms step_avg:84.84ms this_step:4239.9ms mem:20970MiB swa_n:6
step:6850/20000 train_loss:1.874599 lr_scale:0.0743 muon_mom:0.9900 train_time:581164ms step_avg:84.84ms this_step:4242.6ms mem:20970MiB swa_n:7
step:6900/20000 train_loss:1.876752 lr_scale:0.0574 muon_mom:0.9900 train_time:585459ms step_avg:84.85ms this_step:4295.7ms mem:20970MiB swa_n:8
step:6950/20000 train_loss:2.000660 lr_scale:0.0407 muon_mom:0.9900 train_time:589699ms step_avg:84.85ms this_step:4239.8ms mem:20970MiB swa_n:9
step:7000/20000 train_loss:1.844201 lr_scale:0.0239 muon_mom:0.9900 train_time:593992ms step_avg:84.86ms this_step:4293.1ms mem:20970MiB swa_n:10
step:7050/20000 train_loss:1.926356 lr_scale:0.0072 muon_mom:0.9900 train_time:598234ms step_avg:84.86ms this_step:4241.6ms mem:20970MiB swa_n:11
step:7071/20000 val_loss:1.9753 val_bpb:1.1699 train_time:600046ms step_avg:84.86ms
stopping_early: wallclock_cap train_time:600046ms step:7071/20000
peak memory allocated: 20970 MiB reserved: 21076 MiB
phase:train wall_ms:611775 steps:7071 step_avg:84.86ms
swa:applying averaged 12 checkpoints
pruning: zeroed 795,675 weights (3.0%) below 0.003513
phase:postprocess wall_ms:153 (swa+ema+pruning)
pre_quant_eval val_loss:1.9625 val_bpb:1.1623 eval_time:19542ms
pre_quant_eval_exact val_loss:1.96252273 val_bpb:1.16231650
Serialized model: 105792597 bytes
Code size: 70991 bytes
Total submission size: 105863588 bytes
quant_tensor:bigram.embed.weight shape:[2048, 128] bits:6 scale_range:[0.032257,0.032257]
quant_tensor:blocks.0.attn.c_k.weight shape:[256, 512] bits:6 scale_range:[0.032257,0.053253]
quant_tensor:blocks.0.attn.c_q.weight shape:[512, 512] bits:6 scale_range:[0.032257,0.032257]
quant_tensor:blocks.0.attn.c_v.weight shape:[256, 512] bits:6 scale_range:[0.032257,0.032257]
quant_tensor:blocks.0.attn.proj.weight shape:[512, 512] bits:6 scale_range:[0.032257,0.032257]
quant_tensor:blocks.0.mlp.fc.weight shape:[1536, 512] bits:6 scale_range:[0.032257,0.042145]
quant_tensor:blocks.0.mlp.proj.weight shape:[512, 1536] bits:6 scale_range:[0.032257,0.032257]
quant_tensor:blocks.1.attn.c_k.weight shape:[256, 512] bits:6 scale_range:[0.032257,0.088989]
quant_tensor:blocks.1.attn.c_q.weight shape:[512, 512] bits:6 scale_range:[0.032257,0.047302]
quant_tensor:blocks.1.attn.c_v.weight shape:[256, 512] bits:6 scale_range:[0.032257,0.032257]
quant_tensor:blocks.1.attn.proj.weight shape:[512, 512] bits:6 scale_range:[0.032257,0.035156]
quant_tensor:blocks.1.mlp.fc.weight shape:[1536, 512] bits:6 scale_range:[0.032257,0.035950]
quant_tensor:blocks.1.mlp.proj.weight shape:[512, 1536] bits:6 scale_range:[0.032257,0.047241]
quant_tensor:blocks.10.attn.c_k.weight shape:[256, 512] bits:6 scale_range:[0.032257,0.040771]
quant_tensor:blocks.10.attn.c_q.weight shape:[512, 512] bits:6 scale_range:[0.032257,0.032257]
quant_tensor:blocks.10.attn.c_v.weight shape:[256, 512] bits:6 scale_range:[0.032257,0.036926]
quant_tensor:blocks.10.attn.proj.weight shape:[512, 512] bits:6 scale_range:[0.032257,0.033234]
quant_tensor:blocks.10.mlp.fc.weight shape:[1536, 512] bits:6 scale_range:[0.032257,0.041443]
quant_tensor:blocks.10.mlp.proj.weight shape:[512, 1536] bits:6 scale_range:[0.032257,0.116394]
quant_tensor:blocks.2.attn.c_k.weight shape:[256, 512] bits:6 scale_range:[0.032257,0.037537]
quant_tensor:blocks.2.attn.c_q.weight shape:[512, 512] bits:6 scale_range:[0.032257,0.032257]
quant_tensor:blocks.2.attn.c_v.weight shape:[256, 512] bits:6 scale_range:[0.032257,0.037354]
quant_tensor:blocks.2.attn.proj.weight shape:[512, 512] bits:6 scale_range:[0.032257,0.032257]
quant_tensor:blocks.2.mlp.fc.weight shape:[1536, 512] bits:6 scale_range:[0.032257,0.060059]
quant_tensor:blocks.2.mlp.proj.weight shape:[512, 1536] bits:6 scale_range:[0.032257,0.105774]
quant_tensor:blocks.3.attn.c_k.weight shape:[256, 512] bits:6 scale_range:[0.032257,0.034363]
quant_tensor:blocks.3.attn.c_q.weight shape:[512, 512] bits:6 scale_range:[0.032257,0.032257]
quant_tensor:blocks.3.attn.c_v.weight shape:[256, 512] bits:6 scale_range:[0.032257,0.032257]
quant_tensor:blocks.3.attn.proj.weight shape:[512, 512] bits:6 scale_range:[0.032257,0.032257]
quant_tensor:blocks.3.mlp.fc.weight shape:[1536, 512] bits:6 scale_range:[0.032257,0.191528]
quant_tensor:blocks.3.mlp.proj.weight shape:[512, 1536] bits:6 scale_range:[0.032257,0.104126]
quant_tensor:blocks.4.attn.c_k.weight shape:[256, 512] bits:6 scale_range:[0.032257,0.044861]
quant_tensor:blocks.4.attn.c_q.weight shape:[512, 512] bits:6 scale_range:[0.032257,0.032501]
quant_tensor:blocks.4.attn.c_v.weight shape:[256, 512] bits:6 scale_range:[0.032257,0.032471]
quant_tensor:blocks.4.attn.proj.weight shape:[512, 512] bits:6 scale_range:[0.032257,0.032257]
quant_tensor:blocks.4.mlp.fc.weight shape:[1536, 512] bits:6 scale_range:[0.032257,0.036774]
quant_tensor:blocks.4.mlp.proj.weight shape:[512, 1536] bits:6 scale_range:[0.032257,0.032257]
quant_tensor:blocks.5.attn.c_k.weight shape:[256, 512] bits:6 scale_range:[0.032257,0.034546]
quant_tensor:blocks.5.attn.c_q.weight shape:[512, 512] bits:6 scale_range:[0.032257,0.032257]
quant_tensor:blocks.5.attn.c_v.weight shape:[256, 512] bits:6 scale_range:[0.032257,0.032349]
quant_tensor:blocks.5.attn.proj.weight shape:[512, 512] bits:6 scale_range:[0.032257,0.032257]
quant_tensor:blocks.5.mlp.fc.weight shape:[1536, 512] bits:6 scale_range:[0.032257,0.035950]
quant_tensor:blocks.5.mlp.proj.weight shape:[512, 1536] bits:6 scale_range:[0.032257,0.032257]
quant_tensor:blocks.6.attn.c_k.weight shape:[256, 512] bits:6 scale_range:[0.032257,0.045532]
quant_tensor:blocks.6.attn.c_q.weight shape:[512, 512] bits:6 scale_range:[0.032257,0.032745]
quant_tensor:blocks.6.attn.c_v.weight shape:[256, 512] bits:6 scale_range:[0.032257,0.033813]
quant_tensor:blocks.6.attn.proj.weight shape:[512, 512] bits:6 scale_range:[0.032257,0.033691]
quant_tensor:blocks.6.mlp.fc.weight shape:[1536, 512] bits:6 scale_range:[0.032257,0.033386]
quant_tensor:blocks.6.mlp.proj.weight shape:[512, 1536] bits:6 scale_range:[0.032257,0.032257]
quant_tensor:blocks.7.attn.c_k.weight shape:[256, 512] bits:6 scale_range:[0.032257,0.032257]
quant_tensor:blocks.7.attn.c_q.weight shape:[512, 512] bits:6 scale_range:[0.032257,0.032257]
quant_tensor:blocks.7.attn.c_v.weight shape:[256, 512] bits:6 scale_range:[0.032257,0.035156]
quant_tensor:blocks.7.attn.proj.weight shape:[512, 512] bits:6 scale_range:[0.032257,0.032257]
quant_tensor:blocks.7.mlp.fc.weight shape:[1536, 512] bits:6 scale_range:[0.032257,0.042175]
quant_tensor:blocks.7.mlp.proj.weight shape:[512, 1536] bits:6 scale_range:[0.032257,0.032257]
quant_tensor:blocks.8.attn.c_k.weight shape:[256, 512] bits:6 scale_range:[0.032257,0.043182]
quant_tensor:blocks.8.attn.c_q.weight shape:[512, 512] bits:6 scale_range:[0.032257,0.032257]
quant_tensor:blocks.8.attn.c_v.weight shape:[256, 512] bits:6 scale_range:[0.032257,0.041199]
quant_tensor:blocks.8.attn.proj.weight shape:[512, 512] bits:6 scale_range:[0.032257,0.032257]
quant_tensor:blocks.8.mlp.fc.weight shape:[1536, 512] bits:6 scale_range:[0.032257,0.042755]
quant_tensor:blocks.8.mlp.proj.weight shape:[512, 1536] bits:6 scale_range:[0.032257,0.032257]
quant_tensor:blocks.9.attn.c_k.weight shape:[256, 512] bits:6 scale_range:[0.032257,0.049927]
quant_tensor:blocks.9.attn.c_q.weight shape:[512, 512] bits:6 scale_range:[0.032257,0.032257]
quant_tensor:blocks.9.attn.c_v.weight shape:[256, 512] bits:6 scale_range:[0.032257,0.040527]
quant_tensor:blocks.9.attn.proj.weight shape:[512, 512] bits:6 scale_range:[0.032257,0.032257]
quant_tensor:blocks.9.mlp.fc.weight shape:[1536, 512] bits:6 scale_range:[0.032257,0.036194]
quant_tensor:blocks.9.mlp.proj.weight shape:[512, 1536] bits:6 scale_range:[0.032257,0.035736]
passthrough_tensor:bigram.proj.weight shape:[512, 128] dtype:torch.float16 bytes:131072
passthrough_tensor:bigram.scale shape:[] dtype:torch.float16 bytes:2
passthrough_tensor:blocks.0.attn.q_gain shape:[8] dtype:torch.float32 bytes:32
passthrough_tensor:blocks.0.attn_scale shape:[512] dtype:torch.float32 bytes:2048
passthrough_tensor:blocks.0.depth_scale shape:[] dtype:torch.float16 bytes:2
passthrough_tensor:blocks.0.mlp_scale shape:[512] dtype:torch.float32 bytes:2048
passthrough_tensor:blocks.0.resid_mix shape:[2, 512] dtype:torch.float32 bytes:4096
passthrough_tensor:blocks.1.attn.q_gain shape:[8] dtype:torch.float32 bytes:32
passthrough_tensor:blocks.1.attn_scale shape:[512] dtype:torch.float32 bytes:2048
passthrough_tensor:blocks.1.depth_scale shape:[] dtype:torch.float16 bytes:2
passthrough_tensor:blocks.1.mlp_scale shape:[512] dtype:torch.float32 bytes:2048
passthrough_tensor:blocks.1.resid_mix shape:[2, 512] dtype:torch.float32 bytes:4096
passthrough_tensor:blocks.10.attn.q_gain shape:[8] dtype:torch.float32 bytes:32
passthrough_tensor:blocks.10.attn_scale shape:[512] dtype:torch.float32 bytes:2048
passthrough_tensor:blocks.10.depth_scale shape:[] dtype:torch.float16 bytes:2
passthrough_tensor:blocks.10.mlp_scale shape:[512] dtype:torch.float32 bytes:2048
passthrough_tensor:blocks.10.resid_mix shape:[2, 512] dtype:torch.float32 bytes:4096
passthrough_tensor:blocks.2.attn.q_gain shape:[8] dtype:torch.float32 bytes:32
passthrough_tensor:blocks.2.attn_scale shape:[512] dtype:torch.float32 bytes:2048
passthrough_tensor:blocks.2.depth_scale shape:[] dtype:torch.float16 bytes:2
passthrough_tensor:blocks.2.mlp_scale shape:[512] dtype:torch.float32 bytes:2048
passthrough_tensor:blocks.2.resid_mix shape:[2, 512] dtype:torch.float32 bytes:4096
passthrough_tensor:blocks.3.attn.q_gain shape:[8] dtype:torch.float32 bytes:32
passthrough_tensor:blocks.3.attn_scale shape:[512] dtype:torch.float32 bytes:2048
passthrough_tensor:blocks.3.depth_scale shape:[] dtype:torch.float16 bytes:2
passthrough_tensor:blocks.3.mlp_scale shape:[512] dtype:torch.float32 bytes:2048
passthrough_tensor:blocks.3.resid_mix shape:[2, 512] dtype:torch.float32 bytes:4096
passthrough_tensor:blocks.4.attn.q_gain shape:[8] dtype:torch.float32 bytes:32
passthrough_tensor:blocks.4.attn_scale shape:[512] dtype:torch.float32 bytes:2048
passthrough_tensor:blocks.4.depth_scale shape:[] dtype:torch.float16 bytes:2
passthrough_tensor:blocks.4.mlp_scale shape:[512] dtype:torch.float32 bytes:2048
passthrough_tensor:blocks.4.resid_mix shape:[2, 512] dtype:torch.float32 bytes:4096
passthrough_tensor:blocks.5.attn.q_gain shape:[8] dtype:torch.float32 bytes:32
passthrough_tensor:blocks.5.attn_scale shape:[512] dtype:torch.float32 bytes:2048
passthrough_tensor:blocks.5.depth_scale shape:[] dtype:torch.float16 bytes:2
passthrough_tensor:blocks.5.mlp_scale shape:[512] dtype:torch.float32 bytes:2048
passthrough_tensor:blocks.5.resid_mix shape:[2, 512] dtype:torch.float32 bytes:4096
passthrough_tensor:blocks.6.attn.q_gain shape:[8] dtype:torch.float32 bytes:32
passthrough_tensor:blocks.6.attn_scale shape:[512] dtype:torch.float32 bytes:2048
passthrough_tensor:blocks.6.depth_scale shape:[] dtype:torch.float16 bytes:2
passthrough_tensor:blocks.6.mlp_scale shape:[512] dtype:torch.float32 bytes:2048
passthrough_tensor:blocks.6.resid_mix shape:[2, 512] dtype:torch.float32 bytes:4096
passthrough_tensor:blocks.7.attn.q_gain shape:[8] dtype:torch.float32 bytes:32
passthrough_tensor:blocks.7.attn_scale shape:[512] dtype:torch.float32 bytes:2048
passthrough_tensor:blocks.7.depth_scale shape:[] dtype:torch.float16 bytes:2
passthrough_tensor:blocks.7.mlp_scale shape:[512] dtype:torch.float32 bytes:2048
passthrough_tensor:blocks.7.resid_mix shape:[2, 512] dtype:torch.float32 bytes:4096
passthrough_tensor:blocks.8.attn.q_gain shape:[8] dtype:torch.float32 bytes:32
passthrough_tensor:blocks.8.attn_scale shape:[512] dtype:torch.float32 bytes:2048
passthrough_tensor:blocks.8.depth_scale shape:[] dtype:torch.float16 bytes:2
passthrough_tensor:blocks.8.mlp_scale shape:[512] dtype:torch.float32 bytes:2048
passthrough_tensor:blocks.8.resid_mix shape:[2, 512] dtype:torch.float32 bytes:4096
passthrough_tensor:blocks.9.attn.q_gain shape:[8] dtype:torch.float32 bytes:32
passthrough_tensor:blocks.9.attn_scale shape:[512] dtype:torch.float32 bytes:2048
passthrough_tensor:blocks.9.depth_scale shape:[] dtype:torch.float16 bytes:2
passthrough_tensor:blocks.9.mlp_scale shape:[512] dtype:torch.float32 bytes:2048
passthrough_tensor:blocks.9.resid_mix shape:[2, 512] dtype:torch.float32 bytes:4096
passthrough_tensor:skip_weights shape:[5, 512] dtype:torch.float32 bytes:10240
passthrough_tensor:smear.gate shape:[512] dtype:torch.float16 bytes:1024
passthrough_tensor:tok_emb.weight shape:[1024, 512] dtype:torch.float16 bytes:1048576
Serialized model zstd-22: 16084354 bytes (payload:27578744 raw_torch:27638331 payload_ratio:3.83x)
Total submission size zstd-22: 16155345 bytes
WARNING: Total size 16155345 exceeds 16MB limit!
phase:serialize wall_ms:38129 (quant+compress+save)
final_int8_zlib_roundtrip val_loss:1.9829 val_bpb:1.1744 eval_time:2200ms eval_seq_len:2048
final_int8_zlib_roundtrip_exact val_loss:1.98292758 val_bpb:1.17440140
quant_gap: 0.012085 BPB (pre:1.162317 post:1.174401)
phase:postquant_eval wall_ms:2349
ttt:rank0 short=2393 long=3857 epochs=5 batch=64
ttt:short_docs time=18950ms tokens=732712
ttt:batch 5/61 time=5410ms avg_loss=1.8874
ttt:batch 10/61 time=10750ms avg_loss=1.7986
ttt:batch 15/61 time=16093ms avg_loss=1.7333
ttt:batch 20/61 time=25427ms avg_loss=1.6472
ttt:batch 25/61 time=34765ms avg_loss=1.5928
ttt:batch 30/61 time=48769ms avg_loss=1.5324
ttt:batch 35/61 time=64621ms avg_loss=1.4837
ttt:batch 40/61 time=84223ms avg_loss=1.4398
ttt:batch 45/61 time=109419ms avg_loss=1.4001
ttt:batch 50/61 time=141979ms avg_loss=1.3666
ttt:batch 55/61 time=188501ms avg_loss=1.3292
ttt:batch 60/61 time=331995ms avg_loss=1.3093
ttt:long_docs time=382045ms docs=3857
final_ttt_lora val_loss:1.3220 val_bpb:0.7829 eval_time:577076ms lora_rank:8 chunk_size:256
final_ttt_lora_exact val_loss:1.32197498 val_bpb:0.78294800
ttt_gain: 0.391453 BPB gain over int8 (int8:1.174401 ttt:0.782948)
phase:ttt_eval wall_ms:577558
phase:TOTAL wall_ms:1229964 (20.5 min)
phase_breakdown: train:600046ms postprocess:see_above serialize:see_above eval:see_above ttt:see_above
