https://modal.com/apps/olympus/main/ap-18dPRvV3qybwUy4WsJoXKc
logs/M3_baseline_ema.txt
val_bpb:enabled tokenizer_kind=sentencepiece tokenizer_path=/tmp/pgolf_tokenizer/fineweb_1024_bpe.model
train_loader:dataset:pgolf_data train_shards:80
val_loader:shards pattern=/tmp/pgolf_data/fineweb_val_*.bin tokens:62021632
model_params:25517137
world_size:8 grad_accum_steps:1
attention_mode:gqa num_heads:8 num_kv_heads:4
tie_embeddings:True embed_lr:0.03 matrix_lr:0.02 scalar_lr:0.02
train_batch_tokens:786432 train_seq_len:2048 iterations:20000 warmup_steps:20 max_wallclock_seconds:600.000
seed:42
warmup_step:1/20
warmup_step:2/20
warmup_step:3/20
warmup_step:4/20
warmup_step:5/20
warmup_step:6/20
warmup_step:7/20
warmup_step:8/20
warmup_step:9/20
warmup_step:10/20
warmup_step:11/20
warmup_step:12/20
warmup_step:13/20
warmup_step:14/20
warmup_step:15/20
warmup_step:16/20
warmup_step:17/20
warmup_step:18/20
warmup_step:19/20
warmup_step:20/20
step:1/20000 train_loss:6.9334 train_time:251ms step_avg:250.62ms
step:2/20000 train_loss:8.1444 train_time:321ms step_avg:160.58ms
step:3/20000 train_loss:7.6921 train_time:419ms step_avg:139.80ms
step:4/20000 train_loss:6.9900 train_time:510ms step_avg:127.45ms
step:5/20000 train_loss:6.8351 train_time:603ms step_avg:120.64ms
step:6/20000 train_loss:6.6334 train_time:696ms step_avg:116.02ms
step:7/20000 train_loss:6.5358 train_time:788ms step_avg:112.63ms
step:8/20000 train_loss:6.5783 train_time:883ms step_avg:110.36ms
step:9/20000 train_loss:6.3299 train_time:975ms step_avg:108.38ms
step:10/20000 train_loss:6.0560 train_time:1069ms step_avg:106.90ms
step:100/20000 train_loss:3.1668 train_time:9376ms step_avg:93.76ms
step:200/20000 train_loss:2.3820 train_time:18698ms step_avg:93.49ms
step:300/20000 train_loss:2.5390 train_time:28018ms step_avg:93.39ms
step:400/20000 train_loss:2.4055 train_time:37392ms step_avg:93.48ms
step:500/20000 train_loss:2.3909 train_time:46644ms step_avg:93.29ms
step:600/20000 train_loss:2.3306 train_time:56006ms step_avg:93.34ms
step:700/20000 train_loss:2.3422 train_time:65385ms step_avg:93.41ms
step:800/20000 train_loss:2.2383 train_time:74772ms step_avg:93.47ms
step:900/20000 train_loss:2.1228 train_time:84147ms step_avg:93.50ms
step:1000/20000 train_loss:2.2730 train_time:93375ms step_avg:93.38ms
step:1100/20000 train_loss:2.3170 train_time:102713ms step_avg:93.38ms
step:1200/20000 train_loss:2.3505 train_time:112059ms step_avg:93.38ms
step:1300/20000 train_loss:2.1012 train_time:121474ms step_avg:93.44ms
step:1400/20000 train_loss:2.1846 train_time:130822ms step_avg:93.44ms
step:1500/20000 train_loss:2.2175 train_time:140069ms step_avg:93.38ms
step:1600/20000 train_loss:2.0771 train_time:149442ms step_avg:93.40ms
step:1700/20000 train_loss:2.1433 train_time:158848ms step_avg:93.44ms
step:1800/20000 train_loss:2.1580 train_time:168205ms step_avg:93.45ms
step:1900/20000 train_loss:2.1265 train_time:177455ms step_avg:93.40ms
step:2000/20000 train_loss:2.0682 train_time:186837ms step_avg:93.42ms
step:2100/20000 train_loss:2.0452 train_time:196210ms step_avg:93.43ms
step:2200/20000 train_loss:2.1441 train_time:205560ms step_avg:93.44ms
step:2300/20000 train_loss:2.1114 train_time:214900ms step_avg:93.43ms
step:2400/20000 train_loss:2.0632 train_time:224134ms step_avg:93.39ms
step:2500/20000 train_loss:2.1714 train_time:233556ms step_avg:93.42ms
step:2600/20000 train_loss:2.1083 train_time:242882ms step_avg:93.42ms
step:2700/20000 train_loss:2.1028 train_time:252221ms step_avg:93.42ms
step:2800/20000 train_loss:2.1564 train_time:261541ms step_avg:93.41ms
step:2900/20000 train_loss:2.0263 train_time:270791ms step_avg:93.38ms
step:3000/20000 train_loss:2.1599 train_time:280117ms step_avg:93.37ms
step:3100/20000 train_loss:2.0376 train_time:289573ms step_avg:93.41ms
step:3200/20000 train_loss:2.1756 train_time:298899ms step_avg:93.41ms
step:3300/20000 train_loss:2.0717 train_time:308118ms step_avg:93.37ms
step:3400/20000 train_loss:2.0216 train_time:317461ms step_avg:93.37ms
step:3500/20000 train_loss:2.1859 train_time:326788ms step_avg:93.37ms
step:3600/20000 train_loss:2.1010 train_time:336117ms step_avg:93.37ms
step:3700/20000 train_loss:2.1005 train_time:345460ms step_avg:93.37ms
step:3800/20000 train_loss:2.0816 train_time:354679ms step_avg:93.34ms
step:3900/20000 train_loss:2.0838 train_time:364027ms step_avg:93.34ms
step:4000/20000 train_loss:1.9862 train_time:373348ms step_avg:93.34ms
step:4100/20000 train_loss:2.0311 train_time:382689ms step_avg:93.34ms
step:4200/20000 train_loss:2.1682 train_time:392009ms step_avg:93.34ms
step:4300/20000 train_loss:2.0802 train_time:401230ms step_avg:93.31ms
step:4400/20000 train_loss:2.0588 train_time:410554ms step_avg:93.31ms
step:4500/20000 train_loss:2.1475 train_time:419881ms step_avg:93.31ms
step:4600/20000 train_loss:1.8674 train_time:429373ms step_avg:93.34ms
step:4700/20000 train_loss:2.2612 train_time:438595ms step_avg:93.32ms
step:4800/20000 train_loss:2.4623 train_time:447934ms step_avg:93.32ms
step:4900/20000 train_loss:2.0873 train_time:457354ms step_avg:93.34ms
step:5000/20000 train_loss:2.1452 train_time:466802ms step_avg:93.36ms
step:5100/20000 train_loss:2.1668 train_time:476151ms step_avg:93.36ms
step:5200/20000 train_loss:2.0870 train_time:485385ms step_avg:93.34ms
step:5300/20000 train_loss:2.0547 train_time:494707ms step_avg:93.34ms
step:5400/20000 train_loss:2.0930 train_time:504028ms step_avg:93.34ms
step:5500/20000 train_loss:2.0567 train_time:513373ms step_avg:93.34ms
step:5600/20000 train_loss:1.9928 train_time:522715ms step_avg:93.34ms
step:5700/20000 train_loss:2.0433 train_time:531932ms step_avg:93.32ms
step:5800/20000 train_loss:2.0308 train_time:541236ms step_avg:93.32ms
step:5900/20000 train_loss:1.9293 train_time:550617ms step_avg:93.32ms
swa:start step:6000
step:6000/20000 train_loss:1.9596 train_time:560006ms step_avg:93.33ms
step:6100/20000 train_loss:1.9302 train_time:569373ms step_avg:93.34ms
step:6200/20000 train_loss:1.9639 train_time:578826ms step_avg:93.36ms
step:6300/20000 train_loss:1.9521 train_time:588225ms step_avg:93.37ms
step:6400/20000 train_loss:2.0000 train_time:597615ms step_avg:93.38ms
step:6425/20000 val_loss:1.9620 val_bpb:1.1620 train_time:599977ms step_avg:93.38ms
stopping_early: wallclock_cap train_time:599977ms step:6425/20000
peak memory allocated: 18971 MiB reserved: 19076 MiB
swa:applying averaged 9 checkpoints
Serialized model: 98437419 bytes
Code size: 52930 bytes
Total submission size: 98490349 bytes
Serialized model int6+zstd: 15811847 bytes
Total submission size int8+zlib: 15864777 bytes
final_eval_mode:sliding_window stride:64 batch_seqs:512
final_int8_zlib_roundtrip val_loss:1.9425 val_bpb:1.1505 eval_time:208172ms
final_int8_zlib_roundtrip_exact val_loss:1.94248813 val_bpb:1.15045393
Completed in 1210.0s (exit code: 0)
Saved final_model.pt: 98437419 bytes
Saved final_model.int8.ptz: 15811847 bytes
}
https://modal.com/apps/olympus/main/ap-18dPRvV3qybwUy4WsJoXKc
